{"/Users/azakhar/Workspace/Personal/transmission-mcp-server/src/config.ts": {"path":"/Users/azakhar/Workspace/Personal/transmission-mcp-server/src/config.ts","all":false,"statementMap":{"0":{"start":{"line":1,"column":0},"end":{"line":1,"column":29}},"4":{"start":{"line":5,"column":0},"end":{"line":5,"column":54}},"5":{"start":{"line":6,"column":0},"end":{"line":6,"column":59}},"6":{"start":{"line":7,"column":0},"end":{"line":7,"column":33}},"7":{"start":{"line":8,"column":0},"end":{"line":8,"column":3}},"8":{"start":{"line":9,"column":0},"end":{"line":9,"column":18}},"9":{"start":{"line":10,"column":0},"end":{"line":10,"column":1}},"11":{"start":{"line":12,"column":0},"end":{"line":12,"column":47}},"12":{"start":{"line":13,"column":0},"end":{"line":13,"column":51}},"13":{"start":{"line":14,"column":0},"end":{"line":14,"column":55}},"14":{"start":{"line":15,"column":0},"end":{"line":15,"column":20}},"15":{"start":{"line":16,"column":0},"end":{"line":16,"column":94}},"16":{"start":{"line":17,"column":0},"end":{"line":17,"column":6}},"17":{"start":{"line":18,"column":0},"end":{"line":18,"column":3}},"18":{"start":{"line":19,"column":0},"end":{"line":19,"column":1}},"20":{"start":{"line":21,"column":0},"end":{"line":21,"column":66}},"21":{"start":{"line":22,"column":0},"end":{"line":22,"column":29}},"22":{"start":{"line":23,"column":0},"end":{"line":23,"column":65}},"23":{"start":{"line":24,"column":0},"end":{"line":24,"column":13}},"24":{"start":{"line":25,"column":0},"end":{"line":25,"column":26}},"25":{"start":{"line":26,"column":0},"end":{"line":26,"column":15}},"26":{"start":{"line":27,"column":0},"end":{"line":27,"column":7}},"27":{"start":{"line":28,"column":0},"end":{"line":28,"column":30}},"28":{"start":{"line":29,"column":0},"end":{"line":29,"column":11}},"29":{"start":{"line":30,"column":0},"end":{"line":30,"column":71}},"30":{"start":{"line":31,"column":0},"end":{"line":31,"column":3}},"31":{"start":{"line":32,"column":0},"end":{"line":32,"column":62}},"32":{"start":{"line":33,"column":0},"end":{"line":33,"column":81}},"33":{"start":{"line":34,"column":0},"end":{"line":34,"column":3}},"34":{"start":{"line":35,"column":0},"end":{"line":35,"column":28}},"35":{"start":{"line":36,"column":0},"end":{"line":36,"column":52}},"36":{"start":{"line":37,"column":0},"end":{"line":37,"column":39}},"37":{"start":{"line":38,"column":0},"end":{"line":38,"column":3}},"38":{"start":{"line":39,"column":0},"end":{"line":39,"column":52}},"39":{"start":{"line":40,"column":0},"end":{"line":40,"column":20}},"40":{"start":{"line":41,"column":0},"end":{"line":41,"column":78}},"41":{"start":{"line":42,"column":0},"end":{"line":42,"column":6}},"42":{"start":{"line":43,"column":0},"end":{"line":43,"column":3}},"43":{"start":{"line":44,"column":0},"end":{"line":44,"column":16}},"44":{"start":{"line":45,"column":0},"end":{"line":45,"column":24}},"45":{"start":{"line":46,"column":0},"end":{"line":46,"column":1}},"47":{"start":{"line":48,"column":0},"end":{"line":48,"column":22}},"48":{"start":{"line":49,"column":0},"end":{"line":49,"column":11}},"49":{"start":{"line":50,"column":0},"end":{"line":50,"column":30}},"50":{"start":{"line":51,"column":0},"end":{"line":51,"column":68}},"51":{"start":{"line":52,"column":0},"end":{"line":52,"column":76}},"52":{"start":{"line":53,"column":0},"end":{"line":53,"column":26}},"53":{"start":{"line":54,"column":0},"end":{"line":54,"column":15}},"54":{"start":{"line":55,"column":0},"end":{"line":55,"column":63}},"55":{"start":{"line":56,"column":0},"end":{"line":56,"column":32}},"56":{"start":{"line":57,"column":0},"end":{"line":57,"column":23}},"57":{"start":{"line":58,"column":0},"end":{"line":58,"column":21}},"58":{"start":{"line":59,"column":0},"end":{"line":59,"column":31}},"59":{"start":{"line":60,"column":0},"end":{"line":60,"column":39}},"60":{"start":{"line":61,"column":0},"end":{"line":61,"column":33}},"61":{"start":{"line":62,"column":0},"end":{"line":62,"column":24}},"62":{"start":{"line":63,"column":0},"end":{"line":63,"column":40}},"63":{"start":{"line":64,"column":0},"end":{"line":64,"column":20}},"64":{"start":{"line":65,"column":0},"end":{"line":65,"column":79}},"65":{"start":{"line":66,"column":0},"end":{"line":66,"column":13}},"66":{"start":{"line":67,"column":0},"end":{"line":67,"column":9}},"67":{"start":{"line":68,"column":0},"end":{"line":68,"column":8}},"68":{"start":{"line":69,"column":0},"end":{"line":69,"column":25}},"69":{"start":{"line":70,"column":0},"end":{"line":70,"column":23}},"70":{"start":{"line":71,"column":0},"end":{"line":71,"column":21}},"71":{"start":{"line":72,"column":0},"end":{"line":72,"column":31}},"72":{"start":{"line":73,"column":0},"end":{"line":73,"column":39}},"73":{"start":{"line":74,"column":0},"end":{"line":74,"column":39}},"74":{"start":{"line":75,"column":0},"end":{"line":75,"column":40}},"75":{"start":{"line":76,"column":0},"end":{"line":76,"column":32}},"76":{"start":{"line":77,"column":0},"end":{"line":77,"column":45}},"77":{"start":{"line":78,"column":0},"end":{"line":78,"column":29}},"78":{"start":{"line":79,"column":0},"end":{"line":79,"column":24}},"79":{"start":{"line":80,"column":0},"end":{"line":80,"column":31}},"80":{"start":{"line":81,"column":0},"end":{"line":81,"column":11}},"81":{"start":{"line":82,"column":0},"end":{"line":82,"column":9}},"82":{"start":{"line":83,"column":0},"end":{"line":83,"column":26}},"83":{"start":{"line":84,"column":0},"end":{"line":84,"column":9}},"84":{"start":{"line":85,"column":0},"end":{"line":85,"column":49}},"85":{"start":{"line":86,"column":0},"end":{"line":86,"column":4}},"86":{"start":{"line":87,"column":0},"end":{"line":87,"column":21}},"87":{"start":{"line":88,"column":0},"end":{"line":88,"column":26}},"88":{"start":{"line":89,"column":0},"end":{"line":89,"column":84}},"89":{"start":{"line":90,"column":0},"end":{"line":90,"column":19}},"90":{"start":{"line":91,"column":0},"end":{"line":91,"column":41}},"91":{"start":{"line":92,"column":0},"end":{"line":92,"column":75}},"92":{"start":{"line":93,"column":0},"end":{"line":93,"column":22}},"93":{"start":{"line":94,"column":0},"end":{"line":94,"column":78}},"94":{"start":{"line":95,"column":0},"end":{"line":95,"column":8}},"95":{"start":{"line":96,"column":0},"end":{"line":96,"column":5}},"96":{"start":{"line":97,"column":0},"end":{"line":97,"column":30}},"97":{"start":{"line":98,"column":0},"end":{"line":98,"column":87}},"99":{"start":{"line":100,"column":0},"end":{"line":100,"column":8}},"100":{"start":{"line":101,"column":0},"end":{"line":101,"column":41}},"101":{"start":{"line":102,"column":0},"end":{"line":102,"column":57}},"102":{"start":{"line":103,"column":0},"end":{"line":103,"column":7}},"103":{"start":{"line":104,"column":0},"end":{"line":104,"column":22}},"104":{"start":{"line":105,"column":0},"end":{"line":105,"column":97}},"105":{"start":{"line":106,"column":0},"end":{"line":106,"column":8}},"106":{"start":{"line":107,"column":0},"end":{"line":107,"column":5}},"108":{"start":{"line":109,"column":0},"end":{"line":109,"column":12}},"109":{"start":{"line":110,"column":0},"end":{"line":110,"column":23}},"110":{"start":{"line":111,"column":0},"end":{"line":111,"column":25}},"111":{"start":{"line":112,"column":0},"end":{"line":112,"column":33}},"112":{"start":{"line":113,"column":0},"end":{"line":113,"column":49}},"113":{"start":{"line":114,"column":0},"end":{"line":114,"column":25}},"114":{"start":{"line":115,"column":0},"end":{"line":115,"column":6}},"115":{"start":{"line":116,"column":0},"end":{"line":116,"column":5}},"127":{"start":{"line":128,"column":0},"end":{"line":128,"column":73}},"128":{"start":{"line":129,"column":0},"end":{"line":129,"column":47}},"129":{"start":{"line":130,"column":0},"end":{"line":130,"column":18}},"130":{"start":{"line":131,"column":0},"end":{"line":131,"column":3}},"131":{"start":{"line":132,"column":0},"end":{"line":132,"column":23}},"132":{"start":{"line":133,"column":0},"end":{"line":133,"column":18}},"133":{"start":{"line":134,"column":0},"end":{"line":134,"column":21}},"134":{"start":{"line":135,"column":0},"end":{"line":135,"column":3}},"135":{"start":{"line":136,"column":0},"end":{"line":136,"column":35}},"136":{"start":{"line":137,"column":0},"end":{"line":137,"column":37}},"137":{"start":{"line":138,"column":0},"end":{"line":138,"column":20}},"138":{"start":{"line":139,"column":0},"end":{"line":139,"column":117}},"139":{"start":{"line":140,"column":0},"end":{"line":140,"column":6}},"140":{"start":{"line":141,"column":0},"end":{"line":141,"column":3}},"141":{"start":{"line":142,"column":0},"end":{"line":142,"column":27}},"142":{"start":{"line":143,"column":0},"end":{"line":143,"column":86}},"143":{"start":{"line":144,"column":0},"end":{"line":144,"column":3}},"144":{"start":{"line":145,"column":0},"end":{"line":145,"column":20}},"145":{"start":{"line":146,"column":0},"end":{"line":146,"column":86}},"146":{"start":{"line":147,"column":0},"end":{"line":147,"column":3}},"147":{"start":{"line":148,"column":0},"end":{"line":148,"column":11}},"148":{"start":{"line":149,"column":0},"end":{"line":149,"column":1}},"150":{"start":{"line":151,"column":0},"end":{"line":151,"column":77}},"151":{"start":{"line":152,"column":0},"end":{"line":152,"column":45}},"152":{"start":{"line":153,"column":0},"end":{"line":153,"column":76}},"153":{"start":{"line":154,"column":0},"end":{"line":154,"column":4}},"155":{"start":{"line":156,"column":0},"end":{"line":156,"column":77}},"157":{"start":{"line":158,"column":0},"end":{"line":158,"column":35}},"158":{"start":{"line":159,"column":0},"end":{"line":159,"column":11}},"159":{"start":{"line":160,"column":0},"end":{"line":160,"column":48}},"160":{"start":{"line":161,"column":0},"end":{"line":161,"column":56}},"161":{"start":{"line":162,"column":0},"end":{"line":162,"column":73}},"162":{"start":{"line":163,"column":0},"end":{"line":163,"column":68}},"163":{"start":{"line":164,"column":0},"end":{"line":164,"column":5}},"165":{"start":{"line":166,"column":0},"end":{"line":166,"column":35}},"166":{"start":{"line":167,"column":0},"end":{"line":167,"column":1}}},"s":{"0":1,"4":9,"5":9,"6":1,"7":1,"8":8,"9":8,"11":9,"12":9,"13":9,"14":1,"15":1,"16":1,"17":1,"18":9,"20":1,"21":9,"22":9,"23":9,"24":0,"25":9,"26":9,"27":9,"28":9,"29":0,"30":0,"31":9,"32":0,"33":0,"34":9,"35":9,"36":1,"37":1,"38":9,"39":0,"40":0,"41":0,"42":0,"43":8,"44":8,"45":8,"47":1,"48":1,"49":1,"50":1,"51":1,"52":1,"53":1,"54":1,"55":1,"56":5,"57":5,"58":5,"59":5,"60":5,"61":1,"62":1,"63":1,"64":1,"65":1,"66":1,"67":1,"68":1,"69":4,"70":4,"71":4,"72":4,"73":4,"74":4,"75":4,"76":5,"77":5,"78":4,"79":4,"80":4,"81":5,"82":4,"83":1,"84":1,"85":1,"86":1,"87":4,"88":4,"89":4,"90":0,"91":4,"92":0,"93":0,"94":0,"95":0,"96":4,"97":4,"99":4,"100":4,"101":0,"102":4,"103":0,"104":0,"105":0,"106":0,"108":4,"109":4,"110":4,"111":4,"112":4,"113":4,"114":4,"115":4,"127":6,"128":6,"129":3,"130":3,"131":3,"132":6,"133":1,"134":1,"135":2,"136":6,"137":0,"138":0,"139":0,"140":0,"141":6,"142":1,"143":1,"144":6,"145":0,"146":0,"147":1,"148":1,"150":1,"151":6,"152":6,"153":6,"155":6,"157":6,"158":6,"159":6,"160":6,"161":6,"162":6,"163":6,"165":6,"166":6},"branchMap":{"0":{"type":"branch","line":5,"loc":{"start":{"line":5,"column":0},"end":{"line":10,"column":1}},"locations":[{"start":{"line":5,"column":0},"end":{"line":10,"column":1}}]},"1":{"type":"branch","line":6,"loc":{"start":{"line":6,"column":29},"end":{"line":6,"column":58}},"locations":[{"start":{"line":6,"column":29},"end":{"line":6,"column":58}}]},"2":{"type":"branch","line":6,"loc":{"start":{"line":6,"column":58},"end":{"line":8,"column":3}},"locations":[{"start":{"line":6,"column":58},"end":{"line":8,"column":3}}]},"3":{"type":"branch","line":8,"loc":{"start":{"line":8,"column":2},"end":{"line":10,"column":1}},"locations":[{"start":{"line":8,"column":2},"end":{"line":10,"column":1}}]},"4":{"type":"branch","line":12,"loc":{"start":{"line":12,"column":0},"end":{"line":19,"column":1}},"locations":[{"start":{"line":12,"column":0},"end":{"line":19,"column":1}}]},"5":{"type":"branch","line":14,"loc":{"start":{"line":14,"column":19},"end":{"line":14,"column":54}},"locations":[{"start":{"line":14,"column":19},"end":{"line":14,"column":54}}]},"6":{"type":"branch","line":14,"loc":{"start":{"line":14,"column":54},"end":{"line":18,"column":3}},"locations":[{"start":{"line":14,"column":54},"end":{"line":18,"column":3}}]},"7":{"type":"branch","line":21,"loc":{"start":{"line":21,"column":7},"end":{"line":46,"column":1}},"locations":[{"start":{"line":21,"column":7},"end":{"line":46,"column":1}}]},"8":{"type":"branch","line":24,"loc":{"start":{"line":24,"column":6},"end":{"line":25,"column":26}},"locations":[{"start":{"line":24,"column":6},"end":{"line":25,"column":26}}]},"9":{"type":"branch","line":29,"loc":{"start":{"line":29,"column":2},"end":{"line":31,"column":3}},"locations":[{"start":{"line":29,"column":2},"end":{"line":31,"column":3}}]},"10":{"type":"branch","line":32,"loc":{"start":{"line":32,"column":23},"end":{"line":32,"column":61}},"locations":[{"start":{"line":32,"column":23},"end":{"line":32,"column":61}}]},"11":{"type":"branch","line":32,"loc":{"start":{"line":32,"column":61},"end":{"line":34,"column":3}},"locations":[{"start":{"line":32,"column":61},"end":{"line":34,"column":3}}]},"12":{"type":"branch","line":36,"loc":{"start":{"line":36,"column":23},"end":{"line":36,"column":51}},"locations":[{"start":{"line":36,"column":23},"end":{"line":36,"column":51}}]},"13":{"type":"branch","line":36,"loc":{"start":{"line":36,"column":51},"end":{"line":38,"column":3}},"locations":[{"start":{"line":36,"column":51},"end":{"line":38,"column":3}}]},"14":{"type":"branch","line":38,"loc":{"start":{"line":38,"column":2},"end":{"line":39,"column":51}},"locations":[{"start":{"line":38,"column":2},"end":{"line":39,"column":51}}]},"15":{"type":"branch","line":39,"loc":{"start":{"line":39,"column":51},"end":{"line":43,"column":3}},"locations":[{"start":{"line":39,"column":51},"end":{"line":43,"column":3}}]},"16":{"type":"branch","line":43,"loc":{"start":{"line":43,"column":2},"end":{"line":46,"column":1}},"locations":[{"start":{"line":43,"column":2},"end":{"line":46,"column":1}}]},"17":{"type":"branch","line":56,"loc":{"start":{"line":56,"column":19},"end":{"line":68,"column":7}},"locations":[{"start":{"line":56,"column":19},"end":{"line":68,"column":7}}]},"18":{"type":"branch","line":61,"loc":{"start":{"line":61,"column":32},"end":{"line":67,"column":9}},"locations":[{"start":{"line":61,"column":32},"end":{"line":67,"column":9}}]},"19":{"type":"branch","line":59,"loc":{"start":{"line":59,"column":15},"end":{"line":59,"column":30}},"locations":[{"start":{"line":59,"column":15},"end":{"line":59,"column":30}}]},"20":{"type":"branch","line":60,"loc":{"start":{"line":60,"column":18},"end":{"line":60,"column":37}},"locations":[{"start":{"line":60,"column":18},"end":{"line":60,"column":37}}]},"21":{"type":"branch","line":69,"loc":{"start":{"line":69,"column":17},"end":{"line":84,"column":7}},"locations":[{"start":{"line":69,"column":17},"end":{"line":84,"column":7}}]},"22":{"type":"branch","line":76,"loc":{"start":{"line":76,"column":31},"end":{"line":82,"column":9}},"locations":[{"start":{"line":76,"column":31},"end":{"line":82,"column":9}}]},"23":{"type":"branch","line":78,"loc":{"start":{"line":78,"column":28},"end":{"line":81,"column":11}},"locations":[{"start":{"line":78,"column":28},"end":{"line":81,"column":11}}]},"24":{"type":"branch","line":72,"loc":{"start":{"line":72,"column":15},"end":{"line":72,"column":30}},"locations":[{"start":{"line":72,"column":15},"end":{"line":72,"column":30}}]},"25":{"type":"branch","line":73,"loc":{"start":{"line":73,"column":18},"end":{"line":73,"column":37}},"locations":[{"start":{"line":73,"column":18},"end":{"line":73,"column":37}}]},"26":{"type":"branch","line":87,"loc":{"start":{"line":87,"column":13},"end":{"line":116,"column":5}},"locations":[{"start":{"line":87,"column":13},"end":{"line":116,"column":5}}]},"27":{"type":"branch","line":89,"loc":{"start":{"line":89,"column":34},"end":{"line":89,"column":84}},"locations":[{"start":{"line":89,"column":34},"end":{"line":89,"column":84}}]},"28":{"type":"branch","line":90,"loc":{"start":{"line":90,"column":10},"end":{"line":91,"column":41}},"locations":[{"start":{"line":90,"column":10},"end":{"line":91,"column":41}}]},"29":{"type":"branch","line":92,"loc":{"start":{"line":92,"column":27},"end":{"line":92,"column":74}},"locations":[{"start":{"line":92,"column":27},"end":{"line":92,"column":74}}]},"30":{"type":"branch","line":92,"loc":{"start":{"line":92,"column":74},"end":{"line":96,"column":5}},"locations":[{"start":{"line":92,"column":74},"end":{"line":96,"column":5}}]},"31":{"type":"branch","line":98,"loc":{"start":{"line":98,"column":37},"end":{"line":98,"column":87}},"locations":[{"start":{"line":98,"column":37},"end":{"line":98,"column":87}}]},"32":{"type":"branch","line":101,"loc":{"start":{"line":101,"column":29},"end":{"line":102,"column":57}},"locations":[{"start":{"line":101,"column":29},"end":{"line":102,"column":57}}]},"33":{"type":"branch","line":103,"loc":{"start":{"line":103,"column":6},"end":{"line":107,"column":5}},"locations":[{"start":{"line":103,"column":6},"end":{"line":107,"column":5}}]},"34":{"type":"branch","line":128,"loc":{"start":{"line":128,"column":0},"end":{"line":149,"column":1}},"locations":[{"start":{"line":128,"column":0},"end":{"line":149,"column":1}}]},"35":{"type":"branch","line":129,"loc":{"start":{"line":129,"column":14},"end":{"line":129,"column":46}},"locations":[{"start":{"line":129,"column":14},"end":{"line":129,"column":46}}]},"36":{"type":"branch","line":129,"loc":{"start":{"line":129,"column":46},"end":{"line":133,"column":17}},"locations":[{"start":{"line":129,"column":46},"end":{"line":133,"column":17}}]},"37":{"type":"branch","line":133,"loc":{"start":{"line":133,"column":17},"end":{"line":135,"column":3}},"locations":[{"start":{"line":133,"column":17},"end":{"line":135,"column":3}}]},"38":{"type":"branch","line":135,"loc":{"start":{"line":135,"column":2},"end":{"line":137,"column":36}},"locations":[{"start":{"line":135,"column":2},"end":{"line":137,"column":36}}]},"39":{"type":"branch","line":137,"loc":{"start":{"line":137,"column":36},"end":{"line":141,"column":3}},"locations":[{"start":{"line":137,"column":36},"end":{"line":141,"column":3}}]},"40":{"type":"branch","line":141,"loc":{"start":{"line":141,"column":2},"end":{"line":142,"column":26}},"locations":[{"start":{"line":141,"column":2},"end":{"line":142,"column":26}}]},"41":{"type":"branch","line":142,"loc":{"start":{"line":142,"column":26},"end":{"line":145,"column":19}},"locations":[{"start":{"line":142,"column":26},"end":{"line":145,"column":19}}]},"42":{"type":"branch","line":145,"loc":{"start":{"line":145,"column":19},"end":{"line":147,"column":3}},"locations":[{"start":{"line":145,"column":19},"end":{"line":147,"column":3}}]},"43":{"type":"branch","line":147,"loc":{"start":{"line":147,"column":2},"end":{"line":149,"column":1}},"locations":[{"start":{"line":147,"column":2},"end":{"line":149,"column":1}}]},"44":{"type":"branch","line":151,"loc":{"start":{"line":151,"column":7},"end":{"line":167,"column":1}},"locations":[{"start":{"line":151,"column":7},"end":{"line":167,"column":1}}]},"45":{"type":"branch","line":160,"loc":{"start":{"line":160,"column":40},"end":{"line":160,"column":48}},"locations":[{"start":{"line":160,"column":40},"end":{"line":160,"column":48}}]},"46":{"type":"branch","line":161,"loc":{"start":{"line":161,"column":48},"end":{"line":161,"column":56}},"locations":[{"start":{"line":161,"column":48},"end":{"line":161,"column":56}}]},"47":{"type":"branch","line":162,"loc":{"start":{"line":162,"column":65},"end":{"line":162,"column":73}},"locations":[{"start":{"line":162,"column":65},"end":{"line":162,"column":73}}]}},"b":{"0":[9],"1":[1],"2":[1],"3":[8],"4":[9],"5":[2],"6":[1],"7":[9],"8":[0],"9":[0],"10":[0],"11":[0],"12":[7],"13":[1],"14":[8],"15":[0],"16":[8],"17":[5],"18":[1],"19":[6],"20":[6],"21":[4],"22":[5],"23":[4],"24":[5],"25":[5],"26":[4],"27":[0],"28":[0],"29":[0],"30":[0],"31":[0],"32":[0],"33":[0],"34":[6],"35":[3],"36":[3],"37":[1],"38":[2],"39":[0],"40":[2],"41":[1],"42":[0],"43":[1],"44":[6],"45":[0],"46":[0],"47":[0]},"fnMap":{"0":{"name":"normalizeHostname","decl":{"start":{"line":5,"column":0},"end":{"line":10,"column":1}},"loc":{"start":{"line":5,"column":0},"end":{"line":10,"column":1}},"line":5},"1":{"name":"assertLoopbackRpcUrl","decl":{"start":{"line":12,"column":0},"end":{"line":19,"column":1}},"loc":{"start":{"line":12,"column":0},"end":{"line":19,"column":1}},"line":12},"2":{"name":"normalizeTransmissionRpcUrl","decl":{"start":{"line":21,"column":7},"end":{"line":46,"column":1}},"loc":{"start":{"line":21,"column":7},"end":{"line":46,"column":1}},"line":21},"3":{"name":"parseRpcTimeoutMs","decl":{"start":{"line":128,"column":0},"end":{"line":149,"column":1}},"loc":{"start":{"line":128,"column":0},"end":{"line":149,"column":1}},"line":128},"4":{"name":"loadConfig","decl":{"start":{"line":151,"column":7},"end":{"line":167,"column":1}},"loc":{"start":{"line":151,"column":7},"end":{"line":167,"column":1}},"line":151}},"f":{"0":9,"1":9,"2":9,"3":6,"4":6}}
,"/Users/azakhar/Workspace/Personal/transmission-mcp-server/src/index.ts": {"path":"/Users/azakhar/Workspace/Personal/transmission-mcp-server/src/index.ts","all":true,"statementMap":{"0":{"start":{"line":1,"column":0},"end":{"line":1,"column":19}},"2":{"start":{"line":3,"column":0},"end":{"line":3,"column":44}},"3":{"start":{"line":4,"column":0},"end":{"line":4,"column":68}},"4":{"start":{"line":5,"column":0},"end":{"line":5,"column":81}},"6":{"start":{"line":7,"column":0},"end":{"line":7,"column":24}},"7":{"start":{"line":8,"column":0},"end":{"line":8,"column":74}},"8":{"start":{"line":9,"column":0},"end":{"line":9,"column":10}},"9":{"start":{"line":10,"column":0},"end":{"line":10,"column":41}},"10":{"start":{"line":11,"column":0},"end":{"line":11,"column":59}},"11":{"start":{"line":12,"column":0},"end":{"line":12,"column":68}},"12":{"start":{"line":13,"column":0},"end":{"line":13,"column":52}},"13":{"start":{"line":14,"column":0},"end":{"line":14,"column":62}},"15":{"start":{"line":16,"column":0},"end":{"line":16,"column":68}},"16":{"start":{"line":17,"column":0},"end":{"line":17,"column":16}},"17":{"start":{"line":18,"column":0},"end":{"line":18,"column":20}},"18":{"start":{"line":19,"column":0},"end":{"line":19,"column":39}},"19":{"start":{"line":20,"column":0},"end":{"line":20,"column":35}},"20":{"start":{"line":21,"column":0},"end":{"line":21,"column":17}},"21":{"start":{"line":22,"column":0},"end":{"line":22,"column":7}},"22":{"start":{"line":23,"column":0},"end":{"line":23,"column":4}},"23":{"start":{"line":24,"column":0},"end":{"line":24,"column":1}},"25":{"start":{"line":26,"column":0},"end":{"line":26,"column":48}},"26":{"start":{"line":27,"column":0},"end":{"line":27,"column":32}},"27":{"start":{"line":28,"column":0},"end":{"line":28,"column":31}},"28":{"start":{"line":29,"column":0},"end":{"line":29,"column":18}},"29":{"start":{"line":30,"column":0},"end":{"line":30,"column":7}},"30":{"start":{"line":31,"column":0},"end":{"line":31,"column":49}},"31":{"start":{"line":32,"column":0},"end":{"line":32,"column":39}},"32":{"start":{"line":33,"column":0},"end":{"line":33,"column":33}},"33":{"start":{"line":34,"column":0},"end":{"line":34,"column":13}},"34":{"start":{"line":35,"column":0},"end":{"line":35,"column":5}},"35":{"start":{"line":36,"column":0},"end":{"line":36,"column":49}},"36":{"start":{"line":37,"column":0},"end":{"line":37,"column":42}},"37":{"start":{"line":38,"column":0},"end":{"line":38,"column":25}},"38":{"start":{"line":39,"column":0},"end":{"line":39,"column":77}},"39":{"start":{"line":40,"column":0},"end":{"line":40,"column":36}},"40":{"start":{"line":41,"column":0},"end":{"line":41,"column":18}},"41":{"start":{"line":42,"column":0},"end":{"line":42,"column":9}},"42":{"start":{"line":43,"column":0},"end":{"line":43,"column":5}},"43":{"start":{"line":44,"column":0},"end":{"line":44,"column":15}},"44":{"start":{"line":45,"column":0},"end":{"line":45,"column":23}},"45":{"start":{"line":46,"column":0},"end":{"line":46,"column":72}},"46":{"start":{"line":47,"column":0},"end":{"line":47,"column":56}},"47":{"start":{"line":48,"column":0},"end":{"line":48,"column":7}},"48":{"start":{"line":49,"column":0},"end":{"line":49,"column":3}},"49":{"start":{"line":50,"column":0},"end":{"line":50,"column":1}},"51":{"start":{"line":52,"column":0},"end":{"line":52,"column":38}},"52":{"start":{"line":53,"column":0},"end":{"line":53,"column":30}},"53":{"start":{"line":54,"column":0},"end":{"line":54,"column":43}},"54":{"start":{"line":55,"column":0},"end":{"line":55,"column":5}},"55":{"start":{"line":56,"column":0},"end":{"line":56,"column":28}},"56":{"start":{"line":57,"column":0},"end":{"line":57,"column":30}},"57":{"start":{"line":58,"column":0},"end":{"line":58,"column":38}},"58":{"start":{"line":59,"column":0},"end":{"line":59,"column":40}},"59":{"start":{"line":60,"column":0},"end":{"line":60,"column":6}},"60":{"start":{"line":61,"column":0},"end":{"line":61,"column":21}},"61":{"start":{"line":62,"column":0},"end":{"line":62,"column":4}},"63":{"start":{"line":64,"column":0},"end":{"line":64,"column":77}},"65":{"start":{"line":66,"column":0},"end":{"line":66,"column":28}},"66":{"start":{"line":67,"column":0},"end":{"line":67,"column":5}},"67":{"start":{"line":68,"column":0},"end":{"line":68,"column":38}},"68":{"start":{"line":69,"column":0},"end":{"line":69,"column":30}},"69":{"start":{"line":70,"column":0},"end":{"line":70,"column":6}},"70":{"start":{"line":71,"column":0},"end":{"line":71,"column":5}},"71":{"start":{"line":72,"column":0},"end":{"line":72,"column":19}},"72":{"start":{"line":73,"column":0},"end":{"line":73,"column":207}},"73":{"start":{"line":74,"column":0},"end":{"line":74,"column":6}},"74":{"start":{"line":75,"column":0},"end":{"line":75,"column":4}},"76":{"start":{"line":77,"column":0},"end":{"line":77,"column":49}},"78":{"start":{"line":79,"column":0},"end":{"line":79,"column":47}},"79":{"start":{"line":80,"column":0},"end":{"line":80,"column":31}},"80":{"start":{"line":81,"column":0},"end":{"line":81,"column":1}},"82":{"start":{"line":83,"column":0},"end":{"line":83,"column":32}},"83":{"start":{"line":84,"column":0},"end":{"line":84,"column":67}},"84":{"start":{"line":85,"column":0},"end":{"line":85,"column":25}},"85":{"start":{"line":86,"column":0},"end":{"line":86,"column":23}},"86":{"start":{"line":87,"column":0},"end":{"line":87,"column":3}}},"s":{"0":0,"2":0,"3":0,"4":0,"6":0,"7":0,"8":0,"9":0,"10":0,"11":0,"12":0,"13":0,"15":0,"16":0,"17":0,"18":0,"19":0,"20":0,"21":0,"22":0,"23":0,"25":0,"26":0,"27":0,"28":0,"29":0,"30":0,"31":0,"32":0,"33":0,"34":0,"35":0,"36":0,"37":0,"38":0,"39":0,"40":0,"41":0,"42":0,"43":0,"44":0,"45":0,"46":0,"47":0,"48":0,"49":0,"51":0,"52":0,"53":0,"54":0,"55":0,"56":0,"57":0,"58":0,"59":0,"60":0,"61":0,"63":0,"65":0,"66":0,"67":0,"68":0,"69":0,"70":0,"71":0,"72":0,"73":0,"74":0,"76":0,"78":0,"79":0,"80":0,"82":0,"83":0,"84":0,"85":0,"86":0},"branchMap":{"0":{"type":"branch","line":1,"loc":{"start":{"line":1,"column":0},"end":{"line":87,"column":-507}},"locations":[{"start":{"line":1,"column":0},"end":{"line":87,"column":-507}}]}},"b":{"0":[0]},"fnMap":{"0":{"name":"(empty-report)","decl":{"start":{"line":1,"column":0},"end":{"line":87,"column":-507}},"loc":{"start":{"line":1,"column":0},"end":{"line":87,"column":-507}},"line":1}},"f":{"0":0}}
,"/Users/azakhar/Workspace/Personal/transmission-mcp-server/src/log/mutationLog.ts": {"path":"/Users/azakhar/Workspace/Personal/transmission-mcp-server/src/log/mutationLog.ts","all":true,"statementMap":{"4":{"start":{"line":5,"column":0},"end":{"line":5,"column":88}},"5":{"start":{"line":6,"column":0},"end":{"line":6,"column":31}},"6":{"start":{"line":7,"column":0},"end":{"line":7,"column":38}},"7":{"start":{"line":8,"column":0},"end":{"line":8,"column":33}},"8":{"start":{"line":9,"column":0},"end":{"line":9,"column":11}},"9":{"start":{"line":10,"column":0},"end":{"line":10,"column":15}},"10":{"start":{"line":11,"column":0},"end":{"line":11,"column":5}},"11":{"start":{"line":12,"column":0},"end":{"line":12,"column":22}},"12":{"start":{"line":13,"column":0},"end":{"line":13,"column":1}}},"s":{"4":0,"5":0,"6":0,"7":0,"8":0,"9":0,"10":0,"11":0,"12":0},"branchMap":{"0":{"type":"branch","line":1,"loc":{"start":{"line":1,"column":386},"end":{"line":13,"column":1}},"locations":[{"start":{"line":1,"column":386},"end":{"line":13,"column":1}}]}},"b":{"0":[1]},"fnMap":{"0":{"name":"(empty-report)","decl":{"start":{"line":1,"column":386},"end":{"line":13,"column":1}},"loc":{"start":{"line":1,"column":386},"end":{"line":13,"column":1}},"line":1}},"f":{"0":1}}
,"/Users/azakhar/Workspace/Personal/transmission-mcp-server/src/mcp/tools.ts": {"path":"/Users/azakhar/Workspace/Personal/transmission-mcp-server/src/mcp/tools.ts","all":true,"statementMap":{"0":{"start":{"line":1,"column":0},"end":{"line":1,"column":73}},"15":{"start":{"line":16,"column":0},"end":{"line":16,"column":53}},"16":{"start":{"line":17,"column":0},"end":{"line":17,"column":10}},"17":{"start":{"line":18,"column":0},"end":{"line":18,"column":70}},"18":{"start":{"line":19,"column":0},"end":{"line":19,"column":4}},"19":{"start":{"line":20,"column":0},"end":{"line":20,"column":1}},"21":{"start":{"line":22,"column":0},"end":{"line":22,"column":55}},"22":{"start":{"line":23,"column":0},"end":{"line":23,"column":10}},"23":{"start":{"line":24,"column":0},"end":{"line":24,"column":18}},"24":{"start":{"line":25,"column":0},"end":{"line":25,"column":47}},"25":{"start":{"line":26,"column":0},"end":{"line":26,"column":4}},"26":{"start":{"line":27,"column":0},"end":{"line":27,"column":1}},"28":{"start":{"line":29,"column":0},"end":{"line":29,"column":42}},"29":{"start":{"line":30,"column":0},"end":{"line":30,"column":17}},"30":{"start":{"line":31,"column":0},"end":{"line":31,"column":32}},"31":{"start":{"line":32,"column":0},"end":{"line":32,"column":20}},"32":{"start":{"line":33,"column":0},"end":{"line":33,"column":9}},"33":{"start":{"line":34,"column":0},"end":{"line":34,"column":19}},"34":{"start":{"line":35,"column":0},"end":{"line":35,"column":33}},"35":{"start":{"line":36,"column":0},"end":{"line":36,"column":5}},"36":{"start":{"line":37,"column":0},"end":{"line":37,"column":18}},"37":{"start":{"line":38,"column":0},"end":{"line":38,"column":205}},"38":{"start":{"line":39,"column":0},"end":{"line":39,"column":20}},"39":{"start":{"line":40,"column":0},"end":{"line":40,"column":14}},"40":{"start":{"line":41,"column":0},"end":{"line":41,"column":45}},"41":{"start":{"line":42,"column":0},"end":{"line":42,"column":21}},"42":{"start":{"line":43,"column":0},"end":{"line":43,"column":91}},"43":{"start":{"line":44,"column":0},"end":{"line":44,"column":16}},"44":{"start":{"line":45,"column":0},"end":{"line":45,"column":19}},"45":{"start":{"line":46,"column":0},"end":{"line":46,"column":16}},"46":{"start":{"line":47,"column":0},"end":{"line":47,"column":17}},"47":{"start":{"line":48,"column":0},"end":{"line":48,"column":22}},"48":{"start":{"line":49,"column":0},"end":{"line":49,"column":21}},"49":{"start":{"line":50,"column":0},"end":{"line":50,"column":78}},"50":{"start":{"line":51,"column":0},"end":{"line":51,"column":8}},"51":{"start":{"line":52,"column":0},"end":{"line":52,"column":6}},"52":{"start":{"line":53,"column":0},"end":{"line":53,"column":22}},"53":{"start":{"line":54,"column":0},"end":{"line":54,"column":11}},"54":{"start":{"line":55,"column":0},"end":{"line":55,"column":53}},"55":{"start":{"line":56,"column":0},"end":{"line":56,"column":25}},"56":{"start":{"line":57,"column":0},"end":{"line":57,"column":29}},"57":{"start":{"line":58,"column":0},"end":{"line":58,"column":11}},"58":{"start":{"line":59,"column":0},"end":{"line":59,"column":32}},"59":{"start":{"line":60,"column":0},"end":{"line":60,"column":19}},"60":{"start":{"line":61,"column":0},"end":{"line":61,"column":48}},"61":{"start":{"line":62,"column":0},"end":{"line":62,"column":29}},"62":{"start":{"line":63,"column":0},"end":{"line":63,"column":95}},"63":{"start":{"line":64,"column":0},"end":{"line":64,"column":12}},"64":{"start":{"line":65,"column":0},"end":{"line":65,"column":9}},"65":{"start":{"line":66,"column":0},"end":{"line":66,"column":16}},"66":{"start":{"line":67,"column":0},"end":{"line":67,"column":7}},"67":{"start":{"line":68,"column":0},"end":{"line":68,"column":6}},"68":{"start":{"line":69,"column":0},"end":{"line":69,"column":4}},"70":{"start":{"line":71,"column":0},"end":{"line":71,"column":19}},"71":{"start":{"line":72,"column":0},"end":{"line":72,"column":31}},"72":{"start":{"line":73,"column":0},"end":{"line":73,"column":5}},"73":{"start":{"line":74,"column":0},"end":{"line":74,"column":18}},"74":{"start":{"line":75,"column":0},"end":{"line":75,"column":135}},"75":{"start":{"line":76,"column":0},"end":{"line":76,"column":20}},"76":{"start":{"line":77,"column":0},"end":{"line":77,"column":78}},"77":{"start":{"line":78,"column":0},"end":{"line":78,"column":23}},"78":{"start":{"line":79,"column":0},"end":{"line":79,"column":19}},"79":{"start":{"line":80,"column":0},"end":{"line":80,"column":21}},"80":{"start":{"line":81,"column":0},"end":{"line":81,"column":20}},"81":{"start":{"line":82,"column":0},"end":{"line":82,"column":90}},"82":{"start":{"line":83,"column":0},"end":{"line":83,"column":12}},"83":{"start":{"line":84,"column":0},"end":{"line":84,"column":8}},"84":{"start":{"line":85,"column":0},"end":{"line":85,"column":6}},"85":{"start":{"line":86,"column":0},"end":{"line":86,"column":21}},"86":{"start":{"line":87,"column":0},"end":{"line":87,"column":27}},"87":{"start":{"line":88,"column":0},"end":{"line":88,"column":11}},"88":{"start":{"line":89,"column":0},"end":{"line":89,"column":58}},"89":{"start":{"line":90,"column":0},"end":{"line":90,"column":51}},"90":{"start":{"line":91,"column":0},"end":{"line":91,"column":39}},"91":{"start":{"line":92,"column":0},"end":{"line":92,"column":48}},"92":{"start":{"line":93,"column":0},"end":{"line":93,"column":48}},"93":{"start":{"line":94,"column":0},"end":{"line":94,"column":11}},"94":{"start":{"line":95,"column":0},"end":{"line":95,"column":73}},"95":{"start":{"line":96,"column":0},"end":{"line":96,"column":56}},"96":{"start":{"line":97,"column":0},"end":{"line":97,"column":25}},"97":{"start":{"line":98,"column":0},"end":{"line":98,"column":72}},"98":{"start":{"line":99,"column":0},"end":{"line":99,"column":38}},"99":{"start":{"line":100,"column":0},"end":{"line":100,"column":22}},"100":{"start":{"line":101,"column":0},"end":{"line":101,"column":72}},"101":{"start":{"line":102,"column":0},"end":{"line":102,"column":38}},"102":{"start":{"line":103,"column":0},"end":{"line":103,"column":23}},"103":{"start":{"line":104,"column":0},"end":{"line":104,"column":13}},"104":{"start":{"line":105,"column":0},"end":{"line":105,"column":34}},"105":{"start":{"line":106,"column":0},"end":{"line":106,"column":9}},"106":{"start":{"line":107,"column":0},"end":{"line":107,"column":59}},"107":{"start":{"line":108,"column":0},"end":{"line":108,"column":36}},"108":{"start":{"line":109,"column":0},"end":{"line":109,"column":19}},"109":{"start":{"line":110,"column":0},"end":{"line":110,"column":70}},"110":{"start":{"line":111,"column":0},"end":{"line":111,"column":36}},"111":{"start":{"line":112,"column":0},"end":{"line":112,"column":25}},"112":{"start":{"line":113,"column":0},"end":{"line":113,"column":69}},"113":{"start":{"line":114,"column":0},"end":{"line":114,"column":11}},"114":{"start":{"line":115,"column":0},"end":{"line":115,"column":40}},"115":{"start":{"line":116,"column":0},"end":{"line":116,"column":19}},"116":{"start":{"line":117,"column":0},"end":{"line":117,"column":63}},"117":{"start":{"line":118,"column":0},"end":{"line":118,"column":36}},"118":{"start":{"line":119,"column":0},"end":{"line":119,"column":20}},"119":{"start":{"line":120,"column":0},"end":{"line":120,"column":49}},"120":{"start":{"line":121,"column":0},"end":{"line":121,"column":21}},"121":{"start":{"line":122,"column":0},"end":{"line":122,"column":11}},"122":{"start":{"line":123,"column":0},"end":{"line":123,"column":32}},"123":{"start":{"line":124,"column":0},"end":{"line":124,"column":7}},"124":{"start":{"line":125,"column":0},"end":{"line":125,"column":6}},"125":{"start":{"line":126,"column":0},"end":{"line":126,"column":4}},"127":{"start":{"line":128,"column":0},"end":{"line":128,"column":19}},"128":{"start":{"line":129,"column":0},"end":{"line":129,"column":33}},"129":{"start":{"line":130,"column":0},"end":{"line":130,"column":5}},"130":{"start":{"line":131,"column":0},"end":{"line":131,"column":52}},"131":{"start":{"line":132,"column":0},"end":{"line":132,"column":20}},"132":{"start":{"line":133,"column":0},"end":{"line":133,"column":40}},"133":{"start":{"line":134,"column":0},"end":{"line":134,"column":8}},"134":{"start":{"line":135,"column":0},"end":{"line":135,"column":6}},"135":{"start":{"line":136,"column":0},"end":{"line":136,"column":23}},"136":{"start":{"line":137,"column":0},"end":{"line":137,"column":11}},"137":{"start":{"line":138,"column":0},"end":{"line":138,"column":43}},"138":{"start":{"line":139,"column":0},"end":{"line":139,"column":59}},"139":{"start":{"line":140,"column":0},"end":{"line":140,"column":44}},"140":{"start":{"line":141,"column":0},"end":{"line":141,"column":19}},"141":{"start":{"line":142,"column":0},"end":{"line":142,"column":63}},"142":{"start":{"line":143,"column":0},"end":{"line":143,"column":72}},"143":{"start":{"line":144,"column":0},"end":{"line":144,"column":32}},"144":{"start":{"line":145,"column":0},"end":{"line":145,"column":7}},"145":{"start":{"line":146,"column":0},"end":{"line":146,"column":6}},"146":{"start":{"line":147,"column":0},"end":{"line":147,"column":4}},"148":{"start":{"line":149,"column":0},"end":{"line":149,"column":19}},"149":{"start":{"line":150,"column":0},"end":{"line":150,"column":32}},"150":{"start":{"line":151,"column":0},"end":{"line":151,"column":5}},"151":{"start":{"line":152,"column":0},"end":{"line":152,"column":51}},"152":{"start":{"line":153,"column":0},"end":{"line":153,"column":20}},"153":{"start":{"line":154,"column":0},"end":{"line":154,"column":40}},"154":{"start":{"line":155,"column":0},"end":{"line":155,"column":8}},"155":{"start":{"line":156,"column":0},"end":{"line":156,"column":6}},"156":{"start":{"line":157,"column":0},"end":{"line":157,"column":23}},"157":{"start":{"line":158,"column":0},"end":{"line":158,"column":11}},"158":{"start":{"line":159,"column":0},"end":{"line":159,"column":42}},"159":{"start":{"line":160,"column":0},"end":{"line":160,"column":58}},"160":{"start":{"line":161,"column":0},"end":{"line":161,"column":44}},"161":{"start":{"line":162,"column":0},"end":{"line":162,"column":19}},"162":{"start":{"line":163,"column":0},"end":{"line":163,"column":63}},"163":{"start":{"line":164,"column":0},"end":{"line":164,"column":71}},"164":{"start":{"line":165,"column":0},"end":{"line":165,"column":32}},"165":{"start":{"line":166,"column":0},"end":{"line":166,"column":7}},"166":{"start":{"line":167,"column":0},"end":{"line":167,"column":6}},"167":{"start":{"line":168,"column":0},"end":{"line":168,"column":4}},"169":{"start":{"line":170,"column":0},"end":{"line":170,"column":19}},"170":{"start":{"line":171,"column":0},"end":{"line":171,"column":34}},"171":{"start":{"line":172,"column":0},"end":{"line":172,"column":5}},"172":{"start":{"line":173,"column":0},"end":{"line":173,"column":18}},"173":{"start":{"line":174,"column":0},"end":{"line":174,"column":127}},"174":{"start":{"line":175,"column":0},"end":{"line":175,"column":20}},"175":{"start":{"line":176,"column":0},"end":{"line":176,"column":40}},"176":{"start":{"line":177,"column":0},"end":{"line":177,"column":65}},"177":{"start":{"line":178,"column":0},"end":{"line":178,"column":73}},"178":{"start":{"line":179,"column":0},"end":{"line":179,"column":8}},"179":{"start":{"line":180,"column":0},"end":{"line":180,"column":6}},"180":{"start":{"line":181,"column":0},"end":{"line":181,"column":69}},"181":{"start":{"line":182,"column":0},"end":{"line":182,"column":11}},"182":{"start":{"line":183,"column":0},"end":{"line":183,"column":85}},"183":{"start":{"line":184,"column":0},"end":{"line":184,"column":19}},"184":{"start":{"line":185,"column":0},"end":{"line":185,"column":63}},"185":{"start":{"line":186,"column":0},"end":{"line":186,"column":31}},"186":{"start":{"line":187,"column":0},"end":{"line":187,"column":20}},"187":{"start":{"line":188,"column":0},"end":{"line":188,"column":25}},"188":{"start":{"line":189,"column":0},"end":{"line":189,"column":28}},"189":{"start":{"line":190,"column":0},"end":{"line":190,"column":21}},"190":{"start":{"line":191,"column":0},"end":{"line":191,"column":11}},"191":{"start":{"line":192,"column":0},"end":{"line":192,"column":32}},"192":{"start":{"line":193,"column":0},"end":{"line":193,"column":7}},"193":{"start":{"line":194,"column":0},"end":{"line":194,"column":11}},"194":{"start":{"line":195,"column":0},"end":{"line":195,"column":63}},"195":{"start":{"line":196,"column":0},"end":{"line":196,"column":31}},"196":{"start":{"line":197,"column":0},"end":{"line":197,"column":19}},"197":{"start":{"line":198,"column":0},"end":{"line":198,"column":25}},"198":{"start":{"line":199,"column":0},"end":{"line":199,"column":28}},"199":{"start":{"line":200,"column":0},"end":{"line":200,"column":11}},"200":{"start":{"line":201,"column":0},"end":{"line":201,"column":63}},"201":{"start":{"line":202,"column":0},"end":{"line":202,"column":19}},"202":{"start":{"line":203,"column":0},"end":{"line":203,"column":63}},"203":{"start":{"line":204,"column":0},"end":{"line":204,"column":31}},"204":{"start":{"line":205,"column":0},"end":{"line":205,"column":20}},"205":{"start":{"line":206,"column":0},"end":{"line":206,"column":25}},"206":{"start":{"line":207,"column":0},"end":{"line":207,"column":28}},"207":{"start":{"line":208,"column":0},"end":{"line":208,"column":21}},"208":{"start":{"line":209,"column":0},"end":{"line":209,"column":11}},"209":{"start":{"line":210,"column":0},"end":{"line":210,"column":32}},"210":{"start":{"line":211,"column":0},"end":{"line":211,"column":7}},"211":{"start":{"line":212,"column":0},"end":{"line":212,"column":6}},"212":{"start":{"line":213,"column":0},"end":{"line":213,"column":4}},"214":{"start":{"line":215,"column":0},"end":{"line":215,"column":19}},"215":{"start":{"line":216,"column":0},"end":{"line":216,"column":31}},"216":{"start":{"line":217,"column":0},"end":{"line":217,"column":5}},"217":{"start":{"line":218,"column":0},"end":{"line":218,"column":84}},"218":{"start":{"line":219,"column":0},"end":{"line":219,"column":6}},"219":{"start":{"line":220,"column":0},"end":{"line":220,"column":17}},"220":{"start":{"line":221,"column":0},"end":{"line":221,"column":11}},"221":{"start":{"line":222,"column":0},"end":{"line":222,"column":53}},"222":{"start":{"line":223,"column":0},"end":{"line":223,"column":35}},"223":{"start":{"line":224,"column":0},"end":{"line":224,"column":19}},"224":{"start":{"line":225,"column":0},"end":{"line":225,"column":48}},"225":{"start":{"line":226,"column":0},"end":{"line":226,"column":29}},"226":{"start":{"line":227,"column":0},"end":{"line":227,"column":93}},"227":{"start":{"line":228,"column":0},"end":{"line":228,"column":12}},"228":{"start":{"line":229,"column":0},"end":{"line":229,"column":9}},"229":{"start":{"line":230,"column":0},"end":{"line":230,"column":16}},"230":{"start":{"line":231,"column":0},"end":{"line":231,"column":7}},"231":{"start":{"line":232,"column":0},"end":{"line":232,"column":6}},"232":{"start":{"line":233,"column":0},"end":{"line":233,"column":4}},"233":{"start":{"line":234,"column":0},"end":{"line":234,"column":1}}},"s":{"0":0,"15":0,"16":0,"17":0,"18":0,"19":0,"21":0,"22":0,"23":0,"24":0,"25":0,"26":0,"28":0,"29":0,"30":0,"31":0,"32":0,"33":0,"34":0,"35":0,"36":0,"37":0,"38":0,"39":0,"40":0,"41":0,"42":0,"43":0,"44":0,"45":0,"46":0,"47":0,"48":0,"49":0,"50":0,"51":0,"52":0,"53":0,"54":0,"55":0,"56":0,"57":0,"58":0,"59":0,"60":0,"61":0,"62":0,"63":0,"64":0,"65":0,"66":0,"67":0,"68":0,"70":0,"71":0,"72":0,"73":0,"74":0,"75":0,"76":0,"77":0,"78":0,"79":0,"80":0,"81":0,"82":0,"83":0,"84":0,"85":0,"86":0,"87":0,"88":0,"89":0,"90":0,"91":0,"92":0,"93":0,"94":0,"95":0,"96":0,"97":0,"98":0,"99":0,"100":0,"101":0,"102":0,"103":0,"104":0,"105":0,"106":0,"107":0,"108":0,"109":0,"110":0,"111":0,"112":0,"113":0,"114":0,"115":0,"116":0,"117":0,"118":0,"119":0,"120":0,"121":0,"122":0,"123":0,"124":0,"125":0,"127":0,"128":0,"129":0,"130":0,"131":0,"132":0,"133":0,"134":0,"135":0,"136":0,"137":0,"138":0,"139":0,"140":0,"141":0,"142":0,"143":0,"144":0,"145":0,"146":0,"148":0,"149":0,"150":0,"151":0,"152":0,"153":0,"154":0,"155":0,"156":0,"157":0,"158":0,"159":0,"160":0,"161":0,"162":0,"163":0,"164":0,"165":0,"166":0,"167":0,"169":0,"170":0,"171":0,"172":0,"173":0,"174":0,"175":0,"176":0,"177":0,"178":0,"179":0,"180":0,"181":0,"182":0,"183":0,"184":0,"185":0,"186":0,"187":0,"188":0,"189":0,"190":0,"191":0,"192":0,"193":0,"194":0,"195":0,"196":0,"197":0,"198":0,"199":0,"200":0,"201":0,"202":0,"203":0,"204":0,"205":0,"206":0,"207":0,"208":0,"209":0,"210":0,"211":0,"212":0,"214":0,"215":0,"216":0,"217":0,"218":0,"219":0,"220":0,"221":0,"222":0,"223":0,"224":0,"225":0,"226":0,"227":0,"228":0,"229":0,"230":0,"231":0,"232":0,"233":0},"branchMap":{"0":{"type":"branch","line":1,"loc":{"start":{"line":1,"column":0},"end":{"line":234,"column":-763}},"locations":[{"start":{"line":1,"column":0},"end":{"line":234,"column":-763}}]}},"b":{"0":[0]},"fnMap":{"0":{"name":"(empty-report)","decl":{"start":{"line":1,"column":0},"end":{"line":234,"column":-763}},"loc":{"start":{"line":1,"column":0},"end":{"line":234,"column":-763}},"line":1}},"f":{"0":0}}
,"/Users/azakhar/Workspace/Personal/transmission-mcp-server/src/transmission/operations.ts": {"path":"/Users/azakhar/Workspace/Personal/transmission-mcp-server/src/transmission/operations.ts","all":false,"statementMap":{"2":{"start":{"line":3,"column":0},"end":{"line":3,"column":36}},"3":{"start":{"line":4,"column":0},"end":{"line":4,"column":7}},"4":{"start":{"line":5,"column":0},"end":{"line":5,"column":9}},"5":{"start":{"line":6,"column":0},"end":{"line":6,"column":11}},"6":{"start":{"line":7,"column":0},"end":{"line":7,"column":16}},"7":{"start":{"line":8,"column":0},"end":{"line":8,"column":17}},"8":{"start":{"line":9,"column":0},"end":{"line":9,"column":15}},"9":{"start":{"line":10,"column":0},"end":{"line":10,"column":14}},"10":{"start":{"line":11,"column":0},"end":{"line":11,"column":17}},"11":{"start":{"line":12,"column":0},"end":{"line":12,"column":16}},"12":{"start":{"line":13,"column":0},"end":{"line":13,"column":10}},"13":{"start":{"line":14,"column":0},"end":{"line":14,"column":16}},"14":{"start":{"line":15,"column":0},"end":{"line":15,"column":8}},"15":{"start":{"line":16,"column":0},"end":{"line":16,"column":17}},"16":{"start":{"line":17,"column":0},"end":{"line":17,"column":14}},"17":{"start":{"line":18,"column":0},"end":{"line":18,"column":13}},"18":{"start":{"line":19,"column":0},"end":{"line":19,"column":11}},"26":{"start":{"line":27,"column":0},"end":{"line":27,"column":35}},"27":{"start":{"line":28,"column":0},"end":{"line":28,"column":32}},"28":{"start":{"line":29,"column":0},"end":{"line":29,"column":32}},"29":{"start":{"line":30,"column":0},"end":{"line":30,"column":3}},"30":{"start":{"line":31,"column":0},"end":{"line":31,"column":41}},"31":{"start":{"line":32,"column":0},"end":{"line":32,"column":37}},"32":{"start":{"line":33,"column":0},"end":{"line":33,"column":4}},"33":{"start":{"line":34,"column":0},"end":{"line":34,"column":61}},"34":{"start":{"line":35,"column":0},"end":{"line":35,"column":27}},"35":{"start":{"line":36,"column":0},"end":{"line":36,"column":3}},"36":{"start":{"line":37,"column":0},"end":{"line":37,"column":95}},"37":{"start":{"line":38,"column":0},"end":{"line":38,"column":67}},"38":{"start":{"line":39,"column":0},"end":{"line":39,"column":37}},"40":{"start":{"line":41,"column":0},"end":{"line":41,"column":93}},"41":{"start":{"line":42,"column":0},"end":{"line":42,"column":12}},"42":{"start":{"line":43,"column":0},"end":{"line":43,"column":49}},"43":{"start":{"line":44,"column":0},"end":{"line":44,"column":31}},"44":{"start":{"line":45,"column":0},"end":{"line":45,"column":30}},"45":{"start":{"line":46,"column":0},"end":{"line":46,"column":6}},"46":{"start":{"line":47,"column":0},"end":{"line":47,"column":3}},"48":{"start":{"line":49,"column":0},"end":{"line":49,"column":22}},"49":{"start":{"line":50,"column":0},"end":{"line":50,"column":1}},"51":{"start":{"line":52,"column":0},"end":{"line":52,"column":33}},"52":{"start":{"line":53,"column":0},"end":{"line":53,"column":32}},"53":{"start":{"line":54,"column":0},"end":{"line":54,"column":19}},"54":{"start":{"line":55,"column":0},"end":{"line":55,"column":22}},"55":{"start":{"line":56,"column":0},"end":{"line":56,"column":3}},"56":{"start":{"line":57,"column":0},"end":{"line":57,"column":22}},"59":{"start":{"line":60,"column":0},"end":{"line":60,"column":21}},"60":{"start":{"line":61,"column":0},"end":{"line":61,"column":13}},"61":{"start":{"line":62,"column":0},"end":{"line":62,"column":32}},"62":{"start":{"line":63,"column":0},"end":{"line":63,"column":5}},"63":{"start":{"line":64,"column":0},"end":{"line":64,"column":1}},"65":{"start":{"line":66,"column":0},"end":{"line":66,"column":79}},"66":{"start":{"line":67,"column":0},"end":{"line":67,"column":76}},"67":{"start":{"line":68,"column":0},"end":{"line":68,"column":1}},"69":{"start":{"line":70,"column":0},"end":{"line":70,"column":78}},"70":{"start":{"line":71,"column":0},"end":{"line":71,"column":75}},"71":{"start":{"line":72,"column":0},"end":{"line":72,"column":1}},"73":{"start":{"line":74,"column":0},"end":{"line":74,"column":36}},"74":{"start":{"line":75,"column":0},"end":{"line":75,"column":32}},"75":{"start":{"line":76,"column":0},"end":{"line":76,"column":13}},"76":{"start":{"line":77,"column":0},"end":{"line":77,"column":27}},"77":{"start":{"line":78,"column":0},"end":{"line":78,"column":3}},"78":{"start":{"line":79,"column":0},"end":{"line":79,"column":63}},"79":{"start":{"line":80,"column":0},"end":{"line":80,"column":14}},"80":{"start":{"line":81,"column":0},"end":{"line":81,"column":41}},"81":{"start":{"line":82,"column":0},"end":{"line":82,"column":5}},"82":{"start":{"line":83,"column":0},"end":{"line":83,"column":1}},"84":{"start":{"line":85,"column":0},"end":{"line":85,"column":65}},"85":{"start":{"line":86,"column":0},"end":{"line":86,"column":65}},"86":{"start":{"line":87,"column":0},"end":{"line":87,"column":1}}},"s":{"2":1,"3":1,"4":1,"5":1,"6":1,"7":1,"8":1,"9":1,"10":1,"11":1,"12":1,"13":1,"14":1,"15":1,"16":1,"17":1,"18":1,"26":2,"27":2,"28":2,"29":2,"30":2,"31":2,"32":2,"33":2,"34":1,"35":1,"36":2,"37":2,"38":2,"40":2,"41":1,"42":1,"43":1,"44":1,"45":1,"46":1,"48":1,"49":1,"51":0,"52":0,"53":0,"54":0,"55":0,"56":0,"59":0,"60":0,"61":0,"62":0,"63":0,"65":0,"66":0,"67":0,"69":0,"70":0,"71":0,"73":0,"74":0,"75":0,"76":0,"77":0,"78":0,"79":0,"80":0,"81":0,"82":0,"84":0,"85":0,"86":0},"branchMap":{"0":{"type":"branch","line":27,"loc":{"start":{"line":27,"column":0},"end":{"line":50,"column":1}},"locations":[{"start":{"line":27,"column":0},"end":{"line":50,"column":1}}]},"1":{"type":"branch","line":34,"loc":{"start":{"line":34,"column":23},"end":{"line":34,"column":60}},"locations":[{"start":{"line":34,"column":23},"end":{"line":34,"column":60}}]},"2":{"type":"branch","line":34,"loc":{"start":{"line":34,"column":60},"end":{"line":36,"column":3}},"locations":[{"start":{"line":34,"column":60},"end":{"line":36,"column":3}}]},"3":{"type":"branch","line":38,"loc":{"start":{"line":38,"column":53},"end":{"line":38,"column":67}},"locations":[{"start":{"line":38,"column":53},"end":{"line":38,"column":67}}]},"4":{"type":"branch","line":41,"loc":{"start":{"line":41,"column":25},"end":{"line":41,"column":59}},"locations":[{"start":{"line":41,"column":25},"end":{"line":41,"column":59}}]},"5":{"type":"branch","line":41,"loc":{"start":{"line":41,"column":54},"end":{"line":41,"column":92}},"locations":[{"start":{"line":41,"column":54},"end":{"line":41,"column":92}}]},"6":{"type":"branch","line":41,"loc":{"start":{"line":41,"column":92},"end":{"line":50,"column":1}},"locations":[{"start":{"line":41,"column":92},"end":{"line":50,"column":1}}]}},"b":{"0":[2],"1":[1],"2":[1],"3":[0],"4":[1],"5":[1],"6":[1]},"fnMap":{"0":{"name":"listTorrents","decl":{"start":{"line":27,"column":0},"end":{"line":50,"column":1}},"loc":{"start":{"line":27,"column":0},"end":{"line":50,"column":1}},"line":27},"1":{"name":"addTorrent","decl":{"start":{"line":52,"column":0},"end":{"line":64,"column":1}},"loc":{"start":{"line":52,"column":0},"end":{"line":64,"column":1}},"line":52},"2":{"name":"startTorrent","decl":{"start":{"line":66,"column":0},"end":{"line":68,"column":1}},"loc":{"start":{"line":66,"column":0},"end":{"line":68,"column":1}},"line":66},"3":{"name":"stopTorrent","decl":{"start":{"line":70,"column":0},"end":{"line":72,"column":1}},"loc":{"start":{"line":70,"column":0},"end":{"line":72,"column":1}},"line":70},"4":{"name":"removeTorrent","decl":{"start":{"line":74,"column":0},"end":{"line":83,"column":1}},"loc":{"start":{"line":74,"column":0},"end":{"line":83,"column":1}},"line":74},"5":{"name":"getSession","decl":{"start":{"line":85,"column":0},"end":{"line":87,"column":1}},"loc":{"start":{"line":85,"column":0},"end":{"line":87,"column":1}},"line":85}},"f":{"0":2,"1":0,"2":0,"3":0,"4":0,"5":0}}
,"/Users/azakhar/Workspace/Personal/transmission-mcp-server/src/transmission/rpcClient.ts": {"path":"/Users/azakhar/Workspace/Personal/transmission-mcp-server/src/transmission/rpcClient.ts","all":false,"statementMap":{"0":{"start":{"line":1,"column":0},"end":{"line":1,"column":49}},"1":{"start":{"line":2,"column":0},"end":{"line":2,"column":30}},"2":{"start":{"line":3,"column":0},"end":{"line":3,"column":42}},"4":{"start":{"line":5,"column":0},"end":{"line":5,"column":73}},"5":{"start":{"line":6,"column":0},"end":{"line":6,"column":19}},"6":{"start":{"line":7,"column":0},"end":{"line":7,"column":39}},"7":{"start":{"line":8,"column":0},"end":{"line":8,"column":33}},"8":{"start":{"line":9,"column":0},"end":{"line":9,"column":33}},"9":{"start":{"line":10,"column":0},"end":{"line":10,"column":3}},"10":{"start":{"line":11,"column":0},"end":{"line":11,"column":1}},"17":{"start":{"line":18,"column":0},"end":{"line":18,"column":36}},"18":{"start":{"line":19,"column":0},"end":{"line":19,"column":42}},"19":{"start":{"line":20,"column":0},"end":{"line":20,"column":18}},"20":{"start":{"line":21,"column":0},"end":{"line":21,"column":38}},"22":{"start":{"line":23,"column":0},"end":{"line":23,"column":14}},"23":{"start":{"line":24,"column":0},"end":{"line":24,"column":31}},"29":{"start":{"line":30,"column":0},"end":{"line":30,"column":23}},"30":{"start":{"line":31,"column":0},"end":{"line":31,"column":5}},"31":{"start":{"line":32,"column":0},"end":{"line":32,"column":27}},"32":{"start":{"line":33,"column":0},"end":{"line":33,"column":3}},"34":{"start":{"line":35,"column":0},"end":{"line":35,"column":32}},"35":{"start":{"line":36,"column":0},"end":{"line":36,"column":30}},"36":{"start":{"line":37,"column":0},"end":{"line":37,"column":60}},"37":{"start":{"line":38,"column":0},"end":{"line":38,"column":13}},"38":{"start":{"line":39,"column":0},"end":{"line":39,"column":25}},"39":{"start":{"line":40,"column":0},"end":{"line":40,"column":28}},"40":{"start":{"line":41,"column":0},"end":{"line":41,"column":3}},"42":{"start":{"line":43,"column":0},"end":{"line":43,"column":25}},"43":{"start":{"line":44,"column":0},"end":{"line":44,"column":19}},"44":{"start":{"line":45,"column":0},"end":{"line":45,"column":34}},"45":{"start":{"line":46,"column":0},"end":{"line":46,"column":26}},"46":{"start":{"line":47,"column":0},"end":{"line":47,"column":62}},"47":{"start":{"line":48,"column":0},"end":{"line":48,"column":76}},"48":{"start":{"line":49,"column":0},"end":{"line":49,"column":35}},"49":{"start":{"line":50,"column":0},"end":{"line":50,"column":43}},"50":{"start":{"line":51,"column":0},"end":{"line":51,"column":35}},"51":{"start":{"line":52,"column":0},"end":{"line":52,"column":41}},"52":{"start":{"line":53,"column":0},"end":{"line":53,"column":9}},"53":{"start":{"line":54,"column":0},"end":{"line":54,"column":27}},"54":{"start":{"line":55,"column":0},"end":{"line":55,"column":65}},"55":{"start":{"line":56,"column":0},"end":{"line":56,"column":7}},"57":{"start":{"line":58,"column":0},"end":{"line":58,"column":20}},"58":{"start":{"line":59,"column":0},"end":{"line":59,"column":47}},"59":{"start":{"line":60,"column":0},"end":{"line":60,"column":58}},"60":{"start":{"line":61,"column":0},"end":{"line":61,"column":22}},"62":{"start":{"line":63,"column":0},"end":{"line":63,"column":24}},"63":{"start":{"line":64,"column":0},"end":{"line":64,"column":11}},"64":{"start":{"line":65,"column":0},"end":{"line":65,"column":55}},"65":{"start":{"line":66,"column":0},"end":{"line":66,"column":25}},"66":{"start":{"line":67,"column":0},"end":{"line":67,"column":18}},"67":{"start":{"line":68,"column":0},"end":{"line":68,"column":37}},"68":{"start":{"line":69,"column":0},"end":{"line":69,"column":17}},"69":{"start":{"line":70,"column":0},"end":{"line":70,"column":11}},"70":{"start":{"line":71,"column":0},"end":{"line":71,"column":19}},"71":{"start":{"line":72,"column":0},"end":{"line":72,"column":60}},"72":{"start":{"line":73,"column":0},"end":{"line":73,"column":47}},"73":{"start":{"line":74,"column":0},"end":{"line":74,"column":41}},"74":{"start":{"line":75,"column":0},"end":{"line":75,"column":100}},"75":{"start":{"line":76,"column":0},"end":{"line":76,"column":16}},"76":{"start":{"line":77,"column":0},"end":{"line":77,"column":12}},"77":{"start":{"line":78,"column":0},"end":{"line":78,"column":9}},"78":{"start":{"line":79,"column":0},"end":{"line":79,"column":16}},"79":{"start":{"line":80,"column":0},"end":{"line":80,"column":7}},"81":{"start":{"line":82,"column":0},"end":{"line":82,"column":63}},"82":{"start":{"line":83,"column":0},"end":{"line":83,"column":27}},"83":{"start":{"line":84,"column":0},"end":{"line":84,"column":6}},"85":{"start":{"line":86,"column":0},"end":{"line":86,"column":40}},"87":{"start":{"line":88,"column":0},"end":{"line":88,"column":29}},"88":{"start":{"line":89,"column":0},"end":{"line":89,"column":63}},"89":{"start":{"line":90,"column":0},"end":{"line":90,"column":17}},"90":{"start":{"line":91,"column":0},"end":{"line":91,"column":39}},"91":{"start":{"line":92,"column":0},"end":{"line":92,"column":72}},"92":{"start":{"line":93,"column":0},"end":{"line":93,"column":14}},"93":{"start":{"line":94,"column":0},"end":{"line":94,"column":10}},"94":{"start":{"line":95,"column":0},"end":{"line":95,"column":7}},"95":{"start":{"line":96,"column":0},"end":{"line":96,"column":27}},"96":{"start":{"line":97,"column":0},"end":{"line":97,"column":40}},"97":{"start":{"line":98,"column":0},"end":{"line":98,"column":5}},"99":{"start":{"line":100,"column":0},"end":{"line":100,"column":29}},"100":{"start":{"line":101,"column":0},"end":{"line":101,"column":84}},"101":{"start":{"line":102,"column":0},"end":{"line":102,"column":5}},"103":{"start":{"line":104,"column":0},"end":{"line":104,"column":18}},"104":{"start":{"line":105,"column":0},"end":{"line":105,"column":37}},"105":{"start":{"line":106,"column":0},"end":{"line":106,"column":54}},"106":{"start":{"line":107,"column":0},"end":{"line":107,"column":19}},"107":{"start":{"line":108,"column":0},"end":{"line":108,"column":8}},"108":{"start":{"line":109,"column":0},"end":{"line":109,"column":5}},"110":{"start":{"line":111,"column":0},"end":{"line":111,"column":52}},"111":{"start":{"line":112,"column":0},"end":{"line":112,"column":37}},"112":{"start":{"line":113,"column":0},"end":{"line":113,"column":45}},"113":{"start":{"line":114,"column":0},"end":{"line":114,"column":19}},"114":{"start":{"line":115,"column":0},"end":{"line":115,"column":8}},"115":{"start":{"line":116,"column":0},"end":{"line":116,"column":5}},"117":{"start":{"line":118,"column":0},"end":{"line":118,"column":48}},"118":{"start":{"line":119,"column":0},"end":{"line":119,"column":33}},"119":{"start":{"line":120,"column":0},"end":{"line":120,"column":29}},"120":{"start":{"line":121,"column":0},"end":{"line":121,"column":92}},"121":{"start":{"line":122,"column":0},"end":{"line":122,"column":88}},"122":{"start":{"line":123,"column":0},"end":{"line":123,"column":5}},"123":{"start":{"line":124,"column":0},"end":{"line":124,"column":31}},"124":{"start":{"line":125,"column":0},"end":{"line":125,"column":87}},"125":{"start":{"line":126,"column":0},"end":{"line":126,"column":5}},"126":{"start":{"line":127,"column":0},"end":{"line":127,"column":42}},"127":{"start":{"line":128,"column":0},"end":{"line":128,"column":3}},"128":{"start":{"line":129,"column":0},"end":{"line":129,"column":1}}},"s":{"0":1,"1":1,"2":2,"4":1,"5":2,"6":2,"7":2,"8":2,"9":2,"10":1,"17":1,"18":1,"19":1,"20":1,"22":1,"23":4,"29":4,"30":4,"31":4,"32":4,"34":1,"35":5,"36":5,"37":5,"38":5,"39":5,"40":5,"42":1,"43":4,"44":4,"45":4,"46":4,"47":4,"48":5,"49":5,"50":5,"51":5,"52":5,"53":5,"54":1,"55":1,"57":5,"58":5,"59":1,"60":4,"62":5,"63":5,"64":5,"65":5,"66":5,"67":5,"68":5,"69":5,"70":5,"71":1,"72":1,"73":1,"74":1,"75":1,"76":1,"77":1,"78":0,"79":0,"81":4,"82":4,"83":5,"85":4,"87":4,"88":1,"89":1,"90":0,"91":0,"92":0,"93":0,"94":0,"95":1,"96":1,"97":1,"99":4,"100":0,"101":0,"103":4,"104":0,"105":0,"106":0,"107":0,"108":0,"110":4,"111":0,"112":0,"113":0,"114":0,"115":0,"117":3,"118":3,"119":4,"120":1,"121":1,"122":1,"123":4,"124":0,"125":0,"126":2,"127":4,"128":1},"branchMap":{"0":{"type":"branch","line":2,"loc":{"start":{"line":2,"column":11},"end":{"line":3,"column":42}},"locations":[{"start":{"line":2,"column":11},"end":{"line":3,"column":42}}]},"1":{"type":"branch","line":5,"loc":{"start":{"line":5,"column":2},"end":{"line":10,"column":3}},"locations":[{"start":{"line":5,"column":2},"end":{"line":10,"column":3}}]},"2":{"type":"branch","line":23,"loc":{"start":{"line":23,"column":2},"end":{"line":33,"column":3}},"locations":[{"start":{"line":23,"column":2},"end":{"line":33,"column":3}}]},"3":{"type":"branch","line":35,"loc":{"start":{"line":35,"column":10},"end":{"line":41,"column":3}},"locations":[{"start":{"line":35,"column":10},"end":{"line":41,"column":3}}]},"4":{"type":"branch","line":43,"loc":{"start":{"line":43,"column":2},"end":{"line":128,"column":3}},"locations":[{"start":{"line":43,"column":2},"end":{"line":128,"column":3}}]},"5":{"type":"branch","line":86,"loc":{"start":{"line":86,"column":38},"end":{"line":88,"column":28}},"locations":[{"start":{"line":86,"column":38},"end":{"line":88,"column":28}}]},"6":{"type":"branch","line":88,"loc":{"start":{"line":88,"column":28},"end":{"line":98,"column":5}},"locations":[{"start":{"line":88,"column":28},"end":{"line":98,"column":5}}]},"7":{"type":"branch","line":90,"loc":{"start":{"line":90,"column":16},"end":{"line":95,"column":7}},"locations":[{"start":{"line":90,"column":16},"end":{"line":95,"column":7}}]},"8":{"type":"branch","line":98,"loc":{"start":{"line":98,"column":4},"end":{"line":100,"column":28}},"locations":[{"start":{"line":98,"column":4},"end":{"line":100,"column":28}}]},"9":{"type":"branch","line":100,"loc":{"start":{"line":100,"column":28},"end":{"line":102,"column":5}},"locations":[{"start":{"line":100,"column":28},"end":{"line":102,"column":5}}]},"10":{"type":"branch","line":102,"loc":{"start":{"line":102,"column":4},"end":{"line":104,"column":17}},"locations":[{"start":{"line":102,"column":4},"end":{"line":104,"column":17}}]},"11":{"type":"branch","line":104,"loc":{"start":{"line":104,"column":17},"end":{"line":109,"column":5}},"locations":[{"start":{"line":104,"column":17},"end":{"line":109,"column":5}}]},"12":{"type":"branch","line":109,"loc":{"start":{"line":109,"column":4},"end":{"line":111,"column":51}},"locations":[{"start":{"line":109,"column":4},"end":{"line":111,"column":51}}]},"13":{"type":"branch","line":111,"loc":{"start":{"line":111,"column":51},"end":{"line":116,"column":5}},"locations":[{"start":{"line":111,"column":51},"end":{"line":116,"column":5}}]},"14":{"type":"branch","line":116,"loc":{"start":{"line":116,"column":4},"end":{"line":120,"column":28}},"locations":[{"start":{"line":116,"column":4},"end":{"line":120,"column":28}}]},"15":{"type":"branch","line":120,"loc":{"start":{"line":120,"column":28},"end":{"line":123,"column":5}},"locations":[{"start":{"line":120,"column":28},"end":{"line":123,"column":5}}]},"16":{"type":"branch","line":121,"loc":{"start":{"line":121,"column":72},"end":{"line":121,"column":92}},"locations":[{"start":{"line":121,"column":72},"end":{"line":121,"column":92}}]},"17":{"type":"branch","line":123,"loc":{"start":{"line":123,"column":4},"end":{"line":124,"column":30}},"locations":[{"start":{"line":123,"column":4},"end":{"line":124,"column":30}}]},"18":{"type":"branch","line":124,"loc":{"start":{"line":124,"column":30},"end":{"line":126,"column":5}},"locations":[{"start":{"line":124,"column":30},"end":{"line":126,"column":5}}]},"19":{"type":"branch","line":126,"loc":{"start":{"line":126,"column":4},"end":{"line":127,"column":42}},"locations":[{"start":{"line":126,"column":4},"end":{"line":127,"column":42}}]},"20":{"type":"branch","line":48,"loc":{"start":{"line":48,"column":20},"end":{"line":84,"column":6}},"locations":[{"start":{"line":48,"column":20},"end":{"line":84,"column":6}}]},"21":{"type":"branch","line":54,"loc":{"start":{"line":54,"column":26},"end":{"line":56,"column":7}},"locations":[{"start":{"line":54,"column":26},"end":{"line":56,"column":7}}]},"22":{"type":"branch","line":59,"loc":{"start":{"line":59,"column":38},"end":{"line":60,"column":58}},"locations":[{"start":{"line":59,"column":38},"end":{"line":60,"column":58}}]},"23":{"type":"branch","line":60,"loc":{"start":{"line":60,"column":57},"end":{"line":61,"column":22}},"locations":[{"start":{"line":60,"column":57},"end":{"line":61,"column":22}}]},"24":{"type":"branch","line":70,"loc":{"start":{"line":70,"column":9},"end":{"line":71,"column":15}},"locations":[{"start":{"line":70,"column":9},"end":{"line":71,"column":15}}]},"25":{"type":"branch","line":71,"loc":{"start":{"line":71,"column":6},"end":{"line":80,"column":7}},"locations":[{"start":{"line":71,"column":6},"end":{"line":80,"column":7}}]},"26":{"type":"branch","line":75,"loc":{"start":{"line":75,"column":88},"end":{"line":75,"column":97}},"locations":[{"start":{"line":75,"column":88},"end":{"line":75,"column":97}}]},"27":{"type":"branch","line":78,"loc":{"start":{"line":78,"column":8},"end":{"line":80,"column":7}},"locations":[{"start":{"line":78,"column":8},"end":{"line":80,"column":7}}]},"28":{"type":"branch","line":80,"loc":{"start":{"line":80,"column":6},"end":{"line":83,"column":27}},"locations":[{"start":{"line":80,"column":6},"end":{"line":83,"column":27}}]}},"b":{"0":[2],"1":[2],"2":[4],"3":[5],"4":[4],"5":[3],"6":[1],"7":[0],"8":[3],"9":[0],"10":[3],"11":[0],"12":[3],"13":[0],"14":[3],"15":[1],"16":[0],"17":[2],"18":[0],"19":[2],"20":[5],"21":[1],"22":[1],"23":[4],"24":[4],"25":[1],"26":[0],"27":[0],"28":[4]},"fnMap":{"0":{"name":"<instance_members_initializer>","decl":{"start":{"line":2,"column":11},"end":{"line":3,"column":42}},"loc":{"start":{"line":2,"column":11},"end":{"line":3,"column":42}},"line":2},"1":{"name":"TransmissionRpcError","decl":{"start":{"line":5,"column":2},"end":{"line":10,"column":3}},"loc":{"start":{"line":5,"column":2},"end":{"line":10,"column":3}},"line":5},"2":{"name":"TransmissionRpcClient","decl":{"start":{"line":23,"column":2},"end":{"line":33,"column":3}},"loc":{"start":{"line":23,"column":2},"end":{"line":33,"column":3}},"line":23},"3":{"name":"authHeader","decl":{"start":{"line":35,"column":10},"end":{"line":41,"column":3}},"loc":{"start":{"line":35,"column":10},"end":{"line":41,"column":3}},"line":35},"4":{"name":"call","decl":{"start":{"line":43,"column":2},"end":{"line":128,"column":3}},"loc":{"start":{"line":43,"column":2},"end":{"line":128,"column":3}},"line":43},"5":{"name":"attempt","decl":{"start":{"line":48,"column":20},"end":{"line":84,"column":6}},"loc":{"start":{"line":48,"column":20},"end":{"line":84,"column":6}},"line":48}},"f":{"0":2,"1":2,"2":4,"3":5,"4":4,"5":5}}
,"/Users/azakhar/Workspace/Personal/transmission-mcp-server/src/transmission/schemas.ts": {"path":"/Users/azakhar/Workspace/Personal/transmission-mcp-server/src/transmission/schemas.ts","all":false,"statementMap":{"0":{"start":{"line":1,"column":0},"end":{"line":1,"column":24}},"2":{"start":{"line":3,"column":0},"end":{"line":3,"column":26}},"3":{"start":{"line":4,"column":0},"end":{"line":4,"column":11}},"4":{"start":{"line":5,"column":0},"end":{"line":5,"column":47}},"5":{"start":{"line":6,"column":0},"end":{"line":6,"column":32}},"6":{"start":{"line":7,"column":0},"end":{"line":7,"column":38}},"7":{"start":{"line":8,"column":0},"end":{"line":8,"column":4}},"8":{"start":{"line":9,"column":0},"end":{"line":9,"column":17}},"10":{"start":{"line":11,"column":0},"end":{"line":11,"column":35}},"11":{"start":{"line":12,"column":0},"end":{"line":12,"column":11}},"12":{"start":{"line":13,"column":0},"end":{"line":13,"column":49}},"13":{"start":{"line":14,"column":0},"end":{"line":14,"column":53}},"14":{"start":{"line":15,"column":0},"end":{"line":15,"column":4}},"15":{"start":{"line":16,"column":0},"end":{"line":16,"column":17}},"19":{"start":{"line":20,"column":0},"end":{"line":20,"column":55}},"21":{"start":{"line":22,"column":0},"end":{"line":22,"column":36}},"22":{"start":{"line":23,"column":0},"end":{"line":23,"column":53}},"23":{"start":{"line":24,"column":0},"end":{"line":24,"column":19}},"24":{"start":{"line":25,"column":0},"end":{"line":25,"column":94}},"25":{"start":{"line":26,"column":0},"end":{"line":26,"column":3}},"26":{"start":{"line":27,"column":0},"end":{"line":27,"column":37}},"27":{"start":{"line":28,"column":0},"end":{"line":28,"column":1}},"29":{"start":{"line":30,"column":0},"end":{"line":30,"column":95}},"30":{"start":{"line":31,"column":0},"end":{"line":31,"column":48}},"31":{"start":{"line":32,"column":0},"end":{"line":32,"column":50}},"32":{"start":{"line":33,"column":0},"end":{"line":33,"column":26}},"33":{"start":{"line":34,"column":0},"end":{"line":34,"column":49}},"34":{"start":{"line":35,"column":0},"end":{"line":35,"column":1}}},"s":{"0":1,"2":1,"3":1,"4":1,"5":1,"6":1,"7":1,"8":1,"10":1,"11":1,"12":1,"13":1,"14":1,"15":1,"19":1,"21":3,"22":3,"23":3,"24":1,"25":1,"26":2,"27":2,"29":1,"30":1,"31":1,"32":1,"33":1,"34":1},"branchMap":{"0":{"type":"branch","line":20,"loc":{"start":{"line":20,"column":7},"end":{"line":28,"column":1}},"locations":[{"start":{"line":20,"column":7},"end":{"line":28,"column":1}}]},"1":{"type":"branch","line":24,"loc":{"start":{"line":24,"column":18},"end":{"line":26,"column":3}},"locations":[{"start":{"line":24,"column":18},"end":{"line":26,"column":3}}]},"2":{"type":"branch","line":26,"loc":{"start":{"line":26,"column":2},"end":{"line":28,"column":1}},"locations":[{"start":{"line":26,"column":2},"end":{"line":28,"column":1}}]},"3":{"type":"branch","line":30,"loc":{"start":{"line":30,"column":7},"end":{"line":35,"column":1}},"locations":[{"start":{"line":30,"column":7},"end":{"line":35,"column":1}}]},"4":{"type":"branch","line":32,"loc":{"start":{"line":32,"column":40},"end":{"line":32,"column":50}},"locations":[{"start":{"line":32,"column":40},"end":{"line":32,"column":50}}]},"5":{"type":"branch","line":33,"loc":{"start":{"line":33,"column":13},"end":{"line":33,"column":26}},"locations":[{"start":{"line":33,"column":13},"end":{"line":33,"column":26}}]},"6":{"type":"branch","line":34,"loc":{"start":{"line":34,"column":34},"end":{"line":34,"column":49}},"locations":[{"start":{"line":34,"column":34},"end":{"line":34,"column":49}}]}},"b":{"0":[3],"1":[1],"2":[2],"3":[1],"4":[0],"5":[0],"6":[0]},"fnMap":{"0":{"name":"parseAddTorrentArguments","decl":{"start":{"line":20,"column":7},"end":{"line":28,"column":1}},"loc":{"start":{"line":20,"column":7},"end":{"line":28,"column":1}},"line":20},"1":{"name":"getTorrentIdFromAddResult","decl":{"start":{"line":30,"column":7},"end":{"line":35,"column":1}},"loc":{"start":{"line":30,"column":7},"end":{"line":35,"column":1}},"line":30}},"f":{"0":3,"1":1}}
,"/Users/azakhar/Workspace/Personal/transmission-mcp-server/src/validators/paths.ts": {"path":"/Users/azakhar/Workspace/Personal/transmission-mcp-server/src/validators/paths.ts","all":false,"statementMap":{"0":{"start":{"line":1,"column":0},"end":{"line":1,"column":29}},"3":{"start":{"line":4,"column":0},"end":{"line":4,"column":60}},"4":{"start":{"line":5,"column":0},"end":{"line":5,"column":29}},"5":{"start":{"line":6,"column":0},"end":{"line":6,"column":29}},"6":{"start":{"line":7,"column":0},"end":{"line":7,"column":46}},"7":{"start":{"line":8,"column":0},"end":{"line":8,"column":3}},"8":{"start":{"line":9,"column":0},"end":{"line":9,"column":47}},"9":{"start":{"line":10,"column":0},"end":{"line":10,"column":1}},"11":{"start":{"line":12,"column":0},"end":{"line":12,"column":93}},"12":{"start":{"line":13,"column":0},"end":{"line":13,"column":48}},"13":{"start":{"line":14,"column":0},"end":{"line":14,"column":40}},"14":{"start":{"line":15,"column":0},"end":{"line":15,"column":20}},"15":{"start":{"line":16,"column":0},"end":{"line":16,"column":81}},"16":{"start":{"line":17,"column":0},"end":{"line":17,"column":6}},"17":{"start":{"line":18,"column":0},"end":{"line":18,"column":3}},"18":{"start":{"line":19,"column":0},"end":{"line":19,"column":20}},"19":{"start":{"line":20,"column":0},"end":{"line":20,"column":1}},"21":{"start":{"line":22,"column":0},"end":{"line":22,"column":54}},"25":{"start":{"line":26,"column":0},"end":{"line":26,"column":12}},"26":{"start":{"line":27,"column":0},"end":{"line":27,"column":72}},"27":{"start":{"line":28,"column":0},"end":{"line":28,"column":74}},"28":{"start":{"line":29,"column":0},"end":{"line":29,"column":3}},"29":{"start":{"line":30,"column":0},"end":{"line":30,"column":41}},"30":{"start":{"line":31,"column":0},"end":{"line":31,"column":75}},"31":{"start":{"line":32,"column":0},"end":{"line":32,"column":3}},"32":{"start":{"line":33,"column":0},"end":{"line":33,"column":39}},"33":{"start":{"line":34,"column":0},"end":{"line":34,"column":37}},"34":{"start":{"line":35,"column":0},"end":{"line":35,"column":16}},"35":{"start":{"line":36,"column":0},"end":{"line":36,"column":3}},"36":{"start":{"line":37,"column":0},"end":{"line":37,"column":18}},"37":{"start":{"line":38,"column":0},"end":{"line":38,"column":120}},"38":{"start":{"line":39,"column":0},"end":{"line":39,"column":4}},"39":{"start":{"line":40,"column":0},"end":{"line":40,"column":1}}},"s":{"0":1,"3":1,"4":7,"5":7,"6":0,"7":0,"8":7,"9":7,"11":1,"12":2,"13":2,"14":1,"15":1,"16":1,"17":1,"18":1,"19":1,"21":1,"25":3,"26":3,"27":0,"28":0,"29":3,"30":1,"31":1,"32":3,"33":1,"34":1,"35":1,"36":1,"37":1,"38":1,"39":1},"branchMap":{"0":{"type":"branch","line":4,"loc":{"start":{"line":4,"column":7},"end":{"line":10,"column":1}},"locations":[{"start":{"line":4,"column":7},"end":{"line":10,"column":1}}]},"1":{"type":"branch","line":6,"loc":{"start":{"line":6,"column":28},"end":{"line":8,"column":3}},"locations":[{"start":{"line":6,"column":28},"end":{"line":8,"column":3}}]},"2":{"type":"branch","line":12,"loc":{"start":{"line":12,"column":7},"end":{"line":20,"column":1}},"locations":[{"start":{"line":12,"column":7},"end":{"line":20,"column":1}}]},"3":{"type":"branch","line":14,"loc":{"start":{"line":14,"column":39},"end":{"line":20,"column":1}},"locations":[{"start":{"line":14,"column":39},"end":{"line":20,"column":1}}]},"4":{"type":"branch","line":22,"loc":{"start":{"line":22,"column":7},"end":{"line":40,"column":1}},"locations":[{"start":{"line":22,"column":7},"end":{"line":40,"column":1}}]},"5":{"type":"branch","line":27,"loc":{"start":{"line":27,"column":28},"end":{"line":27,"column":71}},"locations":[{"start":{"line":27,"column":28},"end":{"line":27,"column":71}}]},"6":{"type":"branch","line":27,"loc":{"start":{"line":27,"column":71},"end":{"line":29,"column":3}},"locations":[{"start":{"line":27,"column":71},"end":{"line":29,"column":3}}]},"7":{"type":"branch","line":30,"loc":{"start":{"line":30,"column":40},"end":{"line":32,"column":3}},"locations":[{"start":{"line":30,"column":40},"end":{"line":32,"column":3}}]},"8":{"type":"branch","line":32,"loc":{"start":{"line":32,"column":2},"end":{"line":33,"column":38}},"locations":[{"start":{"line":32,"column":2},"end":{"line":33,"column":38}}]},"9":{"type":"branch","line":33,"loc":{"start":{"line":33,"column":38},"end":{"line":40,"column":1}},"locations":[{"start":{"line":33,"column":38},"end":{"line":40,"column":1}}]}},"b":{"0":[7],"1":[0],"2":[2],"3":[1],"4":[3],"5":[0],"6":[0],"7":[1],"8":[2],"9":[1]},"fnMap":{"0":{"name":"normalizeDownloadPath","decl":{"start":{"line":4,"column":7},"end":{"line":10,"column":1}},"loc":{"start":{"line":4,"column":7},"end":{"line":10,"column":1}},"line":4},"1":{"name":"assertAllowedDownloadDir","decl":{"start":{"line":12,"column":7},"end":{"line":20,"column":1}},"loc":{"start":{"line":12,"column":7},"end":{"line":20,"column":1}},"line":12},"2":{"name":"resolveEffectiveDownloadDir","decl":{"start":{"line":22,"column":7},"end":{"line":40,"column":1}},"loc":{"start":{"line":22,"column":7},"end":{"line":40,"column":1}},"line":22}},"f":{"0":7,"1":2,"2":3}}
,"/Users/azakhar/Workspace/Personal/transmission-mcp-server/src/validators/removeTorrent.ts": {"path":"/Users/azakhar/Workspace/Personal/transmission-mcp-server/src/validators/removeTorrent.ts","all":false,"statementMap":{"0":{"start":{"line":1,"column":0},"end":{"line":1,"column":47}},"1":{"start":{"line":2,"column":0},"end":{"line":2,"column":27}},"2":{"start":{"line":3,"column":0},"end":{"line":3,"column":34}},"3":{"start":{"line":4,"column":0},"end":{"line":4,"column":9}},"4":{"start":{"line":5,"column":0},"end":{"line":5,"column":51}},"5":{"start":{"line":6,"column":0},"end":{"line":6,"column":20}},"6":{"start":{"line":7,"column":0},"end":{"line":7,"column":92}},"7":{"start":{"line":8,"column":0},"end":{"line":8,"column":6}},"8":{"start":{"line":9,"column":0},"end":{"line":9,"column":3}},"9":{"start":{"line":10,"column":0},"end":{"line":10,"column":1}}},"s":{"0":1,"1":3,"2":3,"3":3,"4":3,"5":1,"6":1,"7":1,"8":1,"9":3},"branchMap":{"0":{"type":"branch","line":1,"loc":{"start":{"line":1,"column":7},"end":{"line":10,"column":1}},"locations":[{"start":{"line":1,"column":7},"end":{"line":10,"column":1}}]},"1":{"type":"branch","line":5,"loc":{"start":{"line":5,"column":6},"end":{"line":5,"column":50}},"locations":[{"start":{"line":5,"column":6},"end":{"line":5,"column":50}}]},"2":{"type":"branch","line":5,"loc":{"start":{"line":5,"column":50},"end":{"line":9,"column":3}},"locations":[{"start":{"line":5,"column":50},"end":{"line":9,"column":3}}]}},"b":{"0":[3],"1":[2],"2":[1]},"fnMap":{"0":{"name":"assertDeleteLocalDataConfirmed","decl":{"start":{"line":1,"column":7},"end":{"line":10,"column":1}},"loc":{"start":{"line":1,"column":7},"end":{"line":10,"column":1}},"line":1}},"f":{"0":3}}
,"/Users/azakhar/Workspace/Personal/transmission-mcp-server/src/validators/torrentSource.ts": {"path":"/Users/azakhar/Workspace/Personal/transmission-mcp-server/src/validators/torrentSource.ts","all":false,"statementMap":{"0":{"start":{"line":1,"column":0},"end":{"line":1,"column":35}},"1":{"start":{"line":2,"column":0},"end":{"line":2,"column":38}},"3":{"start":{"line":4,"column":0},"end":{"line":4,"column":53}},"4":{"start":{"line":5,"column":0},"end":{"line":5,"column":24}},"5":{"start":{"line":6,"column":0},"end":{"line":6,"column":49}},"6":{"start":{"line":7,"column":0},"end":{"line":7,"column":1}},"9":{"start":{"line":10,"column":0},"end":{"line":10,"column":61}},"10":{"start":{"line":11,"column":0},"end":{"line":11,"column":37}},"11":{"start":{"line":12,"column":0},"end":{"line":12,"column":19}},"12":{"start":{"line":13,"column":0},"end":{"line":13,"column":14}},"13":{"start":{"line":14,"column":0},"end":{"line":14,"column":3}},"14":{"start":{"line":15,"column":0},"end":{"line":15,"column":41}},"15":{"start":{"line":16,"column":0},"end":{"line":16,"column":30}},"16":{"start":{"line":17,"column":0},"end":{"line":17,"column":40}},"17":{"start":{"line":18,"column":0},"end":{"line":18,"column":52}},"18":{"start":{"line":19,"column":0},"end":{"line":19,"column":43}},"19":{"start":{"line":20,"column":0},"end":{"line":20,"column":23}},"20":{"start":{"line":21,"column":0},"end":{"line":21,"column":15}},"21":{"start":{"line":22,"column":0},"end":{"line":22,"column":5}},"22":{"start":{"line":23,"column":0},"end":{"line":23,"column":47}},"23":{"start":{"line":24,"column":0},"end":{"line":24,"column":31}},"24":{"start":{"line":25,"column":0},"end":{"line":25,"column":49}},"25":{"start":{"line":26,"column":0},"end":{"line":26,"column":46}},"26":{"start":{"line":27,"column":0},"end":{"line":27,"column":5}},"27":{"start":{"line":28,"column":0},"end":{"line":28,"column":3}},"28":{"start":{"line":29,"column":0},"end":{"line":29,"column":16}},"29":{"start":{"line":30,"column":0},"end":{"line":30,"column":1}},"35":{"start":{"line":36,"column":0},"end":{"line":36,"column":66}},"36":{"start":{"line":37,"column":0},"end":{"line":37,"column":26}},"37":{"start":{"line":38,"column":0},"end":{"line":38,"column":23}},"38":{"start":{"line":39,"column":0},"end":{"line":39,"column":47}},"39":{"start":{"line":40,"column":0},"end":{"line":40,"column":3}},"41":{"start":{"line":42,"column":0},"end":{"line":42,"column":33}},"42":{"start":{"line":43,"column":0},"end":{"line":43,"column":40}},"43":{"start":{"line":44,"column":0},"end":{"line":44,"column":48}},"44":{"start":{"line":45,"column":0},"end":{"line":45,"column":14}},"45":{"start":{"line":46,"column":0},"end":{"line":46,"column":87}},"46":{"start":{"line":47,"column":0},"end":{"line":47,"column":5}},"47":{"start":{"line":48,"column":0},"end":{"line":48,"column":13}},"48":{"start":{"line":49,"column":0},"end":{"line":49,"column":3}},"50":{"start":{"line":51,"column":0},"end":{"line":51,"column":15}},"51":{"start":{"line":52,"column":0},"end":{"line":52,"column":7}},"52":{"start":{"line":53,"column":0},"end":{"line":53,"column":21}},"53":{"start":{"line":54,"column":0},"end":{"line":54,"column":11}},"54":{"start":{"line":55,"column":0},"end":{"line":55,"column":78}},"55":{"start":{"line":56,"column":0},"end":{"line":56,"column":3}},"57":{"start":{"line":58,"column":0},"end":{"line":58,"column":62}},"58":{"start":{"line":59,"column":0},"end":{"line":59,"column":63}},"59":{"start":{"line":60,"column":0},"end":{"line":60,"column":3}},"60":{"start":{"line":61,"column":0},"end":{"line":61,"column":34}},"61":{"start":{"line":62,"column":0},"end":{"line":62,"column":55}},"62":{"start":{"line":63,"column":0},"end":{"line":63,"column":3}},"64":{"start":{"line":65,"column":0},"end":{"line":65,"column":11}},"65":{"start":{"line":66,"column":0},"end":{"line":66,"column":1}}},"s":{"0":1,"1":1,"3":2,"4":2,"5":2,"6":2,"9":1,"10":4,"11":4,"12":0,"13":0,"14":4,"15":4,"16":4,"17":7,"18":7,"19":7,"20":3,"21":3,"22":4,"23":4,"24":4,"25":4,"26":4,"27":7,"28":4,"29":4,"35":1,"36":5,"37":5,"38":0,"39":0,"41":5,"42":3,"43":3,"44":3,"45":1,"46":1,"47":2,"48":2,"50":2,"51":2,"52":2,"53":5,"54":0,"55":0,"57":5,"58":1,"59":1,"60":5,"61":0,"62":0,"64":1,"65":1},"branchMap":{"0":{"type":"branch","line":4,"loc":{"start":{"line":4,"column":0},"end":{"line":7,"column":1}},"locations":[{"start":{"line":4,"column":0},"end":{"line":7,"column":1}}]},"1":{"type":"branch","line":6,"loc":{"start":{"line":6,"column":24},"end":{"line":6,"column":49}},"locations":[{"start":{"line":6,"column":24},"end":{"line":6,"column":49}}]},"2":{"type":"branch","line":10,"loc":{"start":{"line":10,"column":7},"end":{"line":30,"column":1}},"locations":[{"start":{"line":10,"column":7},"end":{"line":30,"column":1}}]},"3":{"type":"branch","line":12,"loc":{"start":{"line":12,"column":18},"end":{"line":14,"column":3}},"locations":[{"start":{"line":12,"column":18},"end":{"line":14,"column":3}}]},"4":{"type":"branch","line":17,"loc":{"start":{"line":17,"column":39},"end":{"line":28,"column":3}},"locations":[{"start":{"line":17,"column":39},"end":{"line":28,"column":3}}]},"5":{"type":"branch","line":20,"loc":{"start":{"line":20,"column":22},"end":{"line":22,"column":5}},"locations":[{"start":{"line":20,"column":22},"end":{"line":22,"column":5}}]},"6":{"type":"branch","line":22,"loc":{"start":{"line":22,"column":4},"end":{"line":27,"column":5}},"locations":[{"start":{"line":22,"column":4},"end":{"line":27,"column":5}}]},"7":{"type":"branch","line":36,"loc":{"start":{"line":36,"column":7},"end":{"line":66,"column":1}},"locations":[{"start":{"line":36,"column":7},"end":{"line":66,"column":1}}]},"8":{"type":"branch","line":38,"loc":{"start":{"line":38,"column":22},"end":{"line":40,"column":3}},"locations":[{"start":{"line":38,"column":22},"end":{"line":40,"column":3}}]},"9":{"type":"branch","line":42,"loc":{"start":{"line":42,"column":32},"end":{"line":49,"column":3}},"locations":[{"start":{"line":42,"column":32},"end":{"line":49,"column":3}}]},"10":{"type":"branch","line":45,"loc":{"start":{"line":45,"column":13},"end":{"line":47,"column":5}},"locations":[{"start":{"line":45,"column":13},"end":{"line":47,"column":5}}]},"11":{"type":"branch","line":47,"loc":{"start":{"line":47,"column":4},"end":{"line":49,"column":3}},"locations":[{"start":{"line":47,"column":4},"end":{"line":49,"column":3}}]},"12":{"type":"branch","line":49,"loc":{"start":{"line":49,"column":2},"end":{"line":54,"column":10}},"locations":[{"start":{"line":49,"column":2},"end":{"line":54,"column":10}}]},"13":{"type":"branch","line":54,"loc":{"start":{"line":54,"column":2},"end":{"line":56,"column":3}},"locations":[{"start":{"line":54,"column":2},"end":{"line":56,"column":3}}]},"14":{"type":"branch","line":56,"loc":{"start":{"line":56,"column":2},"end":{"line":58,"column":61}},"locations":[{"start":{"line":56,"column":2},"end":{"line":58,"column":61}}]},"15":{"type":"branch","line":58,"loc":{"start":{"line":58,"column":61},"end":{"line":61,"column":33}},"locations":[{"start":{"line":58,"column":61},"end":{"line":61,"column":33}}]},"16":{"type":"branch","line":61,"loc":{"start":{"line":61,"column":33},"end":{"line":63,"column":3}},"locations":[{"start":{"line":61,"column":33},"end":{"line":63,"column":3}}]},"17":{"type":"branch","line":63,"loc":{"start":{"line":63,"column":2},"end":{"line":66,"column":1}},"locations":[{"start":{"line":63,"column":2},"end":{"line":66,"column":1}}]}},"b":{"0":[2],"1":[1],"2":[4],"3":[0],"4":[7],"5":[3],"6":[4],"7":[5],"8":[0],"9":[3],"10":[1],"11":[2],"12":[2],"13":[0],"14":[2],"15":[1],"16":[0],"17":[1]},"fnMap":{"0":{"name":"hasValidBtihSegment","decl":{"start":{"line":4,"column":0},"end":{"line":7,"column":1}},"loc":{"start":{"line":4,"column":0},"end":{"line":7,"column":1}},"line":4},"1":{"name":"parseMagnetXtBtih","decl":{"start":{"line":10,"column":7},"end":{"line":30,"column":1}},"loc":{"start":{"line":10,"column":7},"end":{"line":30,"column":1}},"line":10},"2":{"name":"assertValidTorrentSource","decl":{"start":{"line":36,"column":7},"end":{"line":66,"column":1}},"loc":{"start":{"line":36,"column":7},"end":{"line":66,"column":1}},"line":36}},"f":{"0":2,"1":4,"2":5}}
}
