{"/Users/azakhar/Workspace/Personal/transmission-mcp-server/src/config.ts": {"path":"/Users/azakhar/Workspace/Personal/transmission-mcp-server/src/config.ts","all":false,"statementMap":{"0":{"start":{"line":1,"column":0},"end":{"line":1,"column":29}},"4":{"start":{"line":5,"column":0},"end":{"line":5,"column":54}},"5":{"start":{"line":6,"column":0},"end":{"line":6,"column":59}},"6":{"start":{"line":7,"column":0},"end":{"line":7,"column":33}},"7":{"start":{"line":8,"column":0},"end":{"line":8,"column":3}},"8":{"start":{"line":9,"column":0},"end":{"line":9,"column":18}},"9":{"start":{"line":10,"column":0},"end":{"line":10,"column":1}},"11":{"start":{"line":12,"column":0},"end":{"line":12,"column":47}},"12":{"start":{"line":13,"column":0},"end":{"line":13,"column":51}},"13":{"start":{"line":14,"column":0},"end":{"line":14,"column":55}},"14":{"start":{"line":15,"column":0},"end":{"line":15,"column":20}},"15":{"start":{"line":16,"column":0},"end":{"line":16,"column":94}},"16":{"start":{"line":17,"column":0},"end":{"line":17,"column":6}},"17":{"start":{"line":18,"column":0},"end":{"line":18,"column":3}},"18":{"start":{"line":19,"column":0},"end":{"line":19,"column":1}},"20":{"start":{"line":21,"column":0},"end":{"line":21,"column":66}},"21":{"start":{"line":22,"column":0},"end":{"line":22,"column":29}},"22":{"start":{"line":23,"column":0},"end":{"line":23,"column":65}},"23":{"start":{"line":24,"column":0},"end":{"line":24,"column":13}},"24":{"start":{"line":25,"column":0},"end":{"line":25,"column":26}},"25":{"start":{"line":26,"column":0},"end":{"line":26,"column":15}},"26":{"start":{"line":27,"column":0},"end":{"line":27,"column":7}},"27":{"start":{"line":28,"column":0},"end":{"line":28,"column":30}},"28":{"start":{"line":29,"column":0},"end":{"line":29,"column":11}},"29":{"start":{"line":30,"column":0},"end":{"line":30,"column":71}},"30":{"start":{"line":31,"column":0},"end":{"line":31,"column":3}},"31":{"start":{"line":32,"column":0},"end":{"line":32,"column":62}},"32":{"start":{"line":33,"column":0},"end":{"line":33,"column":81}},"33":{"start":{"line":34,"column":0},"end":{"line":34,"column":3}},"34":{"start":{"line":35,"column":0},"end":{"line":35,"column":28}},"35":{"start":{"line":36,"column":0},"end":{"line":36,"column":52}},"36":{"start":{"line":37,"column":0},"end":{"line":37,"column":39}},"37":{"start":{"line":38,"column":0},"end":{"line":38,"column":3}},"38":{"start":{"line":39,"column":0},"end":{"line":39,"column":52}},"39":{"start":{"line":40,"column":0},"end":{"line":40,"column":20}},"40":{"start":{"line":41,"column":0},"end":{"line":41,"column":78}},"41":{"start":{"line":42,"column":0},"end":{"line":42,"column":6}},"42":{"start":{"line":43,"column":0},"end":{"line":43,"column":3}},"43":{"start":{"line":44,"column":0},"end":{"line":44,"column":16}},"44":{"start":{"line":45,"column":0},"end":{"line":45,"column":24}},"45":{"start":{"line":46,"column":0},"end":{"line":46,"column":1}},"47":{"start":{"line":48,"column":0},"end":{"line":48,"column":22}},"48":{"start":{"line":49,"column":0},"end":{"line":49,"column":11}},"49":{"start":{"line":50,"column":0},"end":{"line":50,"column":30}},"50":{"start":{"line":51,"column":0},"end":{"line":51,"column":68}},"51":{"start":{"line":52,"column":0},"end":{"line":52,"column":76}},"52":{"start":{"line":53,"column":0},"end":{"line":53,"column":26}},"53":{"start":{"line":54,"column":0},"end":{"line":54,"column":15}},"54":{"start":{"line":55,"column":0},"end":{"line":55,"column":63}},"55":{"start":{"line":56,"column":0},"end":{"line":56,"column":14}},"56":{"start":{"line":57,"column":0},"end":{"line":57,"column":14}},"57":{"start":{"line":58,"column":0},"end":{"line":58,"column":11}},"58":{"start":{"line":59,"column":0},"end":{"line":59,"column":23}},"59":{"start":{"line":60,"column":0},"end":{"line":60,"column":33}},"60":{"start":{"line":61,"column":0},"end":{"line":61,"column":52}},"61":{"start":{"line":62,"column":0},"end":{"line":62,"column":9}},"62":{"start":{"line":63,"column":0},"end":{"line":63,"column":18}},"63":{"start":{"line":64,"column":0},"end":{"line":64,"column":77}},"64":{"start":{"line":65,"column":0},"end":{"line":65,"column":10}},"65":{"start":{"line":66,"column":0},"end":{"line":66,"column":7}},"66":{"start":{"line":67,"column":0},"end":{"line":67,"column":25}},"67":{"start":{"line":68,"column":0},"end":{"line":68,"column":23}},"68":{"start":{"line":69,"column":0},"end":{"line":69,"column":21}},"69":{"start":{"line":70,"column":0},"end":{"line":70,"column":31}},"70":{"start":{"line":71,"column":0},"end":{"line":71,"column":39}},"71":{"start":{"line":72,"column":0},"end":{"line":72,"column":39}},"72":{"start":{"line":73,"column":0},"end":{"line":73,"column":40}},"73":{"start":{"line":74,"column":0},"end":{"line":74,"column":32}},"74":{"start":{"line":75,"column":0},"end":{"line":75,"column":45}},"75":{"start":{"line":76,"column":0},"end":{"line":76,"column":29}},"76":{"start":{"line":77,"column":0},"end":{"line":77,"column":24}},"77":{"start":{"line":78,"column":0},"end":{"line":78,"column":31}},"78":{"start":{"line":79,"column":0},"end":{"line":79,"column":11}},"79":{"start":{"line":80,"column":0},"end":{"line":80,"column":9}},"80":{"start":{"line":81,"column":0},"end":{"line":81,"column":26}},"81":{"start":{"line":82,"column":0},"end":{"line":82,"column":9}},"82":{"start":{"line":83,"column":0},"end":{"line":83,"column":49}},"83":{"start":{"line":84,"column":0},"end":{"line":84,"column":4}},"84":{"start":{"line":85,"column":0},"end":{"line":85,"column":21}},"85":{"start":{"line":86,"column":0},"end":{"line":86,"column":26}},"86":{"start":{"line":87,"column":0},"end":{"line":87,"column":84}},"87":{"start":{"line":88,"column":0},"end":{"line":88,"column":19}},"88":{"start":{"line":89,"column":0},"end":{"line":89,"column":41}},"89":{"start":{"line":90,"column":0},"end":{"line":90,"column":75}},"90":{"start":{"line":91,"column":0},"end":{"line":91,"column":22}},"91":{"start":{"line":92,"column":0},"end":{"line":92,"column":78}},"92":{"start":{"line":93,"column":0},"end":{"line":93,"column":8}},"93":{"start":{"line":94,"column":0},"end":{"line":94,"column":5}},"94":{"start":{"line":95,"column":0},"end":{"line":95,"column":30}},"95":{"start":{"line":96,"column":0},"end":{"line":96,"column":87}},"97":{"start":{"line":98,"column":0},"end":{"line":98,"column":8}},"98":{"start":{"line":99,"column":0},"end":{"line":99,"column":41}},"99":{"start":{"line":100,"column":0},"end":{"line":100,"column":57}},"100":{"start":{"line":101,"column":0},"end":{"line":101,"column":7}},"101":{"start":{"line":102,"column":0},"end":{"line":102,"column":22}},"102":{"start":{"line":103,"column":0},"end":{"line":103,"column":97}},"103":{"start":{"line":104,"column":0},"end":{"line":104,"column":8}},"104":{"start":{"line":105,"column":0},"end":{"line":105,"column":5}},"106":{"start":{"line":107,"column":0},"end":{"line":107,"column":12}},"107":{"start":{"line":108,"column":0},"end":{"line":108,"column":23}},"108":{"start":{"line":109,"column":0},"end":{"line":109,"column":25}},"109":{"start":{"line":110,"column":0},"end":{"line":110,"column":33}},"110":{"start":{"line":111,"column":0},"end":{"line":111,"column":49}},"111":{"start":{"line":112,"column":0},"end":{"line":112,"column":25}},"112":{"start":{"line":113,"column":0},"end":{"line":113,"column":6}},"113":{"start":{"line":114,"column":0},"end":{"line":114,"column":5}},"125":{"start":{"line":126,"column":0},"end":{"line":126,"column":73}},"126":{"start":{"line":127,"column":0},"end":{"line":127,"column":47}},"127":{"start":{"line":128,"column":0},"end":{"line":128,"column":18}},"128":{"start":{"line":129,"column":0},"end":{"line":129,"column":3}},"129":{"start":{"line":130,"column":0},"end":{"line":130,"column":23}},"130":{"start":{"line":131,"column":0},"end":{"line":131,"column":18}},"131":{"start":{"line":132,"column":0},"end":{"line":132,"column":21}},"132":{"start":{"line":133,"column":0},"end":{"line":133,"column":3}},"133":{"start":{"line":134,"column":0},"end":{"line":134,"column":35}},"134":{"start":{"line":135,"column":0},"end":{"line":135,"column":37}},"135":{"start":{"line":136,"column":0},"end":{"line":136,"column":20}},"136":{"start":{"line":137,"column":0},"end":{"line":137,"column":117}},"137":{"start":{"line":138,"column":0},"end":{"line":138,"column":6}},"138":{"start":{"line":139,"column":0},"end":{"line":139,"column":3}},"139":{"start":{"line":140,"column":0},"end":{"line":140,"column":27}},"140":{"start":{"line":141,"column":0},"end":{"line":141,"column":86}},"141":{"start":{"line":142,"column":0},"end":{"line":142,"column":3}},"142":{"start":{"line":143,"column":0},"end":{"line":143,"column":20}},"143":{"start":{"line":144,"column":0},"end":{"line":144,"column":86}},"144":{"start":{"line":145,"column":0},"end":{"line":145,"column":3}},"145":{"start":{"line":146,"column":0},"end":{"line":146,"column":11}},"146":{"start":{"line":147,"column":0},"end":{"line":147,"column":1}},"148":{"start":{"line":149,"column":0},"end":{"line":149,"column":77}},"149":{"start":{"line":150,"column":0},"end":{"line":150,"column":45}},"150":{"start":{"line":151,"column":0},"end":{"line":151,"column":76}},"151":{"start":{"line":152,"column":0},"end":{"line":152,"column":4}},"153":{"start":{"line":154,"column":0},"end":{"line":154,"column":77}},"155":{"start":{"line":156,"column":0},"end":{"line":156,"column":35}},"156":{"start":{"line":157,"column":0},"end":{"line":157,"column":11}},"157":{"start":{"line":158,"column":0},"end":{"line":158,"column":48}},"158":{"start":{"line":159,"column":0},"end":{"line":159,"column":56}},"159":{"start":{"line":160,"column":0},"end":{"line":160,"column":73}},"160":{"start":{"line":161,"column":0},"end":{"line":161,"column":68}},"161":{"start":{"line":162,"column":0},"end":{"line":162,"column":5}},"163":{"start":{"line":164,"column":0},"end":{"line":164,"column":35}},"164":{"start":{"line":165,"column":0},"end":{"line":165,"column":1}}},"s":{"0":1,"4":9,"5":9,"6":1,"7":1,"8":8,"9":8,"11":9,"12":9,"13":9,"14":1,"15":1,"16":1,"17":1,"18":9,"20":1,"21":9,"22":9,"23":9,"24":0,"25":9,"26":9,"27":9,"28":9,"29":0,"30":0,"31":9,"32":0,"33":0,"34":9,"35":9,"36":1,"37":1,"38":9,"39":0,"40":0,"41":0,"42":0,"43":8,"44":8,"45":8,"47":1,"48":1,"49":1,"50":1,"51":1,"52":1,"53":1,"54":1,"55":1,"56":1,"57":5,"58":5,"59":5,"60":5,"61":1,"62":1,"63":1,"64":1,"65":1,"66":1,"67":4,"68":4,"69":4,"70":4,"71":4,"72":4,"73":4,"74":5,"75":5,"76":4,"77":4,"78":4,"79":5,"80":4,"81":1,"82":1,"83":1,"84":1,"85":4,"86":4,"87":4,"88":0,"89":4,"90":0,"91":0,"92":0,"93":0,"94":4,"95":4,"97":4,"98":4,"99":0,"100":4,"101":0,"102":0,"103":0,"104":0,"106":4,"107":4,"108":4,"109":4,"110":4,"111":4,"112":4,"113":4,"125":6,"126":6,"127":3,"128":3,"129":3,"130":6,"131":1,"132":1,"133":2,"134":6,"135":0,"136":0,"137":0,"138":0,"139":6,"140":1,"141":1,"142":6,"143":0,"144":0,"145":1,"146":1,"148":1,"149":6,"150":6,"151":6,"153":6,"155":6,"156":6,"157":6,"158":6,"159":6,"160":6,"161":6,"163":6,"164":6},"branchMap":{"0":{"type":"branch","line":5,"loc":{"start":{"line":5,"column":0},"end":{"line":10,"column":1}},"locations":[{"start":{"line":5,"column":0},"end":{"line":10,"column":1}}]},"1":{"type":"branch","line":6,"loc":{"start":{"line":6,"column":29},"end":{"line":6,"column":58}},"locations":[{"start":{"line":6,"column":29},"end":{"line":6,"column":58}}]},"2":{"type":"branch","line":6,"loc":{"start":{"line":6,"column":58},"end":{"line":8,"column":3}},"locations":[{"start":{"line":6,"column":58},"end":{"line":8,"column":3}}]},"3":{"type":"branch","line":8,"loc":{"start":{"line":8,"column":2},"end":{"line":10,"column":1}},"locations":[{"start":{"line":8,"column":2},"end":{"line":10,"column":1}}]},"4":{"type":"branch","line":12,"loc":{"start":{"line":12,"column":0},"end":{"line":19,"column":1}},"locations":[{"start":{"line":12,"column":0},"end":{"line":19,"column":1}}]},"5":{"type":"branch","line":14,"loc":{"start":{"line":14,"column":19},"end":{"line":14,"column":54}},"locations":[{"start":{"line":14,"column":19},"end":{"line":14,"column":54}}]},"6":{"type":"branch","line":14,"loc":{"start":{"line":14,"column":54},"end":{"line":18,"column":3}},"locations":[{"start":{"line":14,"column":54},"end":{"line":18,"column":3}}]},"7":{"type":"branch","line":21,"loc":{"start":{"line":21,"column":7},"end":{"line":46,"column":1}},"locations":[{"start":{"line":21,"column":7},"end":{"line":46,"column":1}}]},"8":{"type":"branch","line":24,"loc":{"start":{"line":24,"column":6},"end":{"line":25,"column":26}},"locations":[{"start":{"line":24,"column":6},"end":{"line":25,"column":26}}]},"9":{"type":"branch","line":29,"loc":{"start":{"line":29,"column":2},"end":{"line":31,"column":3}},"locations":[{"start":{"line":29,"column":2},"end":{"line":31,"column":3}}]},"10":{"type":"branch","line":32,"loc":{"start":{"line":32,"column":23},"end":{"line":32,"column":61}},"locations":[{"start":{"line":32,"column":23},"end":{"line":32,"column":61}}]},"11":{"type":"branch","line":32,"loc":{"start":{"line":32,"column":61},"end":{"line":34,"column":3}},"locations":[{"start":{"line":32,"column":61},"end":{"line":34,"column":3}}]},"12":{"type":"branch","line":36,"loc":{"start":{"line":36,"column":23},"end":{"line":36,"column":51}},"locations":[{"start":{"line":36,"column":23},"end":{"line":36,"column":51}}]},"13":{"type":"branch","line":36,"loc":{"start":{"line":36,"column":51},"end":{"line":38,"column":3}},"locations":[{"start":{"line":36,"column":51},"end":{"line":38,"column":3}}]},"14":{"type":"branch","line":38,"loc":{"start":{"line":38,"column":2},"end":{"line":39,"column":51}},"locations":[{"start":{"line":38,"column":2},"end":{"line":39,"column":51}}]},"15":{"type":"branch","line":39,"loc":{"start":{"line":39,"column":51},"end":{"line":43,"column":3}},"locations":[{"start":{"line":39,"column":51},"end":{"line":43,"column":3}}]},"16":{"type":"branch","line":43,"loc":{"start":{"line":43,"column":2},"end":{"line":46,"column":1}},"locations":[{"start":{"line":43,"column":2},"end":{"line":46,"column":1}}]},"17":{"type":"branch","line":57,"loc":{"start":{"line":57,"column":8},"end":{"line":61,"column":52}},"locations":[{"start":{"line":57,"column":8},"end":{"line":61,"column":52}}]},"18":{"type":"branch","line":60,"loc":{"start":{"line":60,"column":17},"end":{"line":60,"column":32}},"locations":[{"start":{"line":60,"column":17},"end":{"line":60,"column":32}}]},"19":{"type":"branch","line":61,"loc":{"start":{"line":61,"column":20},"end":{"line":61,"column":39}},"locations":[{"start":{"line":61,"column":20},"end":{"line":61,"column":39}}]},"20":{"type":"branch","line":67,"loc":{"start":{"line":67,"column":17},"end":{"line":82,"column":7}},"locations":[{"start":{"line":67,"column":17},"end":{"line":82,"column":7}}]},"21":{"type":"branch","line":74,"loc":{"start":{"line":74,"column":31},"end":{"line":80,"column":9}},"locations":[{"start":{"line":74,"column":31},"end":{"line":80,"column":9}}]},"22":{"type":"branch","line":76,"loc":{"start":{"line":76,"column":28},"end":{"line":79,"column":11}},"locations":[{"start":{"line":76,"column":28},"end":{"line":79,"column":11}}]},"23":{"type":"branch","line":70,"loc":{"start":{"line":70,"column":15},"end":{"line":70,"column":30}},"locations":[{"start":{"line":70,"column":15},"end":{"line":70,"column":30}}]},"24":{"type":"branch","line":71,"loc":{"start":{"line":71,"column":18},"end":{"line":71,"column":37}},"locations":[{"start":{"line":71,"column":18},"end":{"line":71,"column":37}}]},"25":{"type":"branch","line":85,"loc":{"start":{"line":85,"column":13},"end":{"line":114,"column":5}},"locations":[{"start":{"line":85,"column":13},"end":{"line":114,"column":5}}]},"26":{"type":"branch","line":87,"loc":{"start":{"line":87,"column":34},"end":{"line":87,"column":84}},"locations":[{"start":{"line":87,"column":34},"end":{"line":87,"column":84}}]},"27":{"type":"branch","line":88,"loc":{"start":{"line":88,"column":10},"end":{"line":89,"column":41}},"locations":[{"start":{"line":88,"column":10},"end":{"line":89,"column":41}}]},"28":{"type":"branch","line":90,"loc":{"start":{"line":90,"column":27},"end":{"line":90,"column":74}},"locations":[{"start":{"line":90,"column":27},"end":{"line":90,"column":74}}]},"29":{"type":"branch","line":90,"loc":{"start":{"line":90,"column":74},"end":{"line":94,"column":5}},"locations":[{"start":{"line":90,"column":74},"end":{"line":94,"column":5}}]},"30":{"type":"branch","line":96,"loc":{"start":{"line":96,"column":37},"end":{"line":96,"column":87}},"locations":[{"start":{"line":96,"column":37},"end":{"line":96,"column":87}}]},"31":{"type":"branch","line":99,"loc":{"start":{"line":99,"column":29},"end":{"line":100,"column":57}},"locations":[{"start":{"line":99,"column":29},"end":{"line":100,"column":57}}]},"32":{"type":"branch","line":101,"loc":{"start":{"line":101,"column":6},"end":{"line":105,"column":5}},"locations":[{"start":{"line":101,"column":6},"end":{"line":105,"column":5}}]},"33":{"type":"branch","line":126,"loc":{"start":{"line":126,"column":0},"end":{"line":147,"column":1}},"locations":[{"start":{"line":126,"column":0},"end":{"line":147,"column":1}}]},"34":{"type":"branch","line":127,"loc":{"start":{"line":127,"column":14},"end":{"line":127,"column":46}},"locations":[{"start":{"line":127,"column":14},"end":{"line":127,"column":46}}]},"35":{"type":"branch","line":127,"loc":{"start":{"line":127,"column":46},"end":{"line":131,"column":17}},"locations":[{"start":{"line":127,"column":46},"end":{"line":131,"column":17}}]},"36":{"type":"branch","line":131,"loc":{"start":{"line":131,"column":17},"end":{"line":133,"column":3}},"locations":[{"start":{"line":131,"column":17},"end":{"line":133,"column":3}}]},"37":{"type":"branch","line":133,"loc":{"start":{"line":133,"column":2},"end":{"line":135,"column":36}},"locations":[{"start":{"line":133,"column":2},"end":{"line":135,"column":36}}]},"38":{"type":"branch","line":135,"loc":{"start":{"line":135,"column":36},"end":{"line":139,"column":3}},"locations":[{"start":{"line":135,"column":36},"end":{"line":139,"column":3}}]},"39":{"type":"branch","line":139,"loc":{"start":{"line":139,"column":2},"end":{"line":140,"column":26}},"locations":[{"start":{"line":139,"column":2},"end":{"line":140,"column":26}}]},"40":{"type":"branch","line":140,"loc":{"start":{"line":140,"column":26},"end":{"line":143,"column":19}},"locations":[{"start":{"line":140,"column":26},"end":{"line":143,"column":19}}]},"41":{"type":"branch","line":143,"loc":{"start":{"line":143,"column":19},"end":{"line":145,"column":3}},"locations":[{"start":{"line":143,"column":19},"end":{"line":145,"column":3}}]},"42":{"type":"branch","line":145,"loc":{"start":{"line":145,"column":2},"end":{"line":147,"column":1}},"locations":[{"start":{"line":145,"column":2},"end":{"line":147,"column":1}}]},"43":{"type":"branch","line":149,"loc":{"start":{"line":149,"column":7},"end":{"line":165,"column":1}},"locations":[{"start":{"line":149,"column":7},"end":{"line":165,"column":1}}]},"44":{"type":"branch","line":158,"loc":{"start":{"line":158,"column":40},"end":{"line":158,"column":48}},"locations":[{"start":{"line":158,"column":40},"end":{"line":158,"column":48}}]},"45":{"type":"branch","line":159,"loc":{"start":{"line":159,"column":48},"end":{"line":159,"column":56}},"locations":[{"start":{"line":159,"column":48},"end":{"line":159,"column":56}}]},"46":{"type":"branch","line":160,"loc":{"start":{"line":160,"column":65},"end":{"line":160,"column":73}},"locations":[{"start":{"line":160,"column":65},"end":{"line":160,"column":73}}]}},"b":{"0":[9],"1":[1],"2":[1],"3":[8],"4":[9],"5":[2],"6":[1],"7":[9],"8":[0],"9":[0],"10":[0],"11":[0],"12":[7],"13":[1],"14":[8],"15":[0],"16":[8],"17":[5],"18":[6],"19":[6],"20":[4],"21":[5],"22":[4],"23":[5],"24":[5],"25":[4],"26":[0],"27":[0],"28":[0],"29":[0],"30":[0],"31":[0],"32":[0],"33":[6],"34":[3],"35":[3],"36":[1],"37":[2],"38":[0],"39":[2],"40":[1],"41":[0],"42":[1],"43":[6],"44":[0],"45":[0],"46":[0]},"fnMap":{"0":{"name":"normalizeHostname","decl":{"start":{"line":5,"column":0},"end":{"line":10,"column":1}},"loc":{"start":{"line":5,"column":0},"end":{"line":10,"column":1}},"line":5},"1":{"name":"assertLoopbackRpcUrl","decl":{"start":{"line":12,"column":0},"end":{"line":19,"column":1}},"loc":{"start":{"line":12,"column":0},"end":{"line":19,"column":1}},"line":12},"2":{"name":"normalizeTransmissionRpcUrl","decl":{"start":{"line":21,"column":7},"end":{"line":46,"column":1}},"loc":{"start":{"line":21,"column":7},"end":{"line":46,"column":1}},"line":21},"3":{"name":"__vite_ssr_import_1__.z.object.allowedDownloadDirs.__vite_ssr_import_1__.z.string.min.refine.message","decl":{"start":{"line":57,"column":8},"end":{"line":61,"column":52}},"loc":{"start":{"line":57,"column":8},"end":{"line":61,"column":52}},"line":57},"4":{"name":"parseRpcTimeoutMs","decl":{"start":{"line":126,"column":0},"end":{"line":147,"column":1}},"loc":{"start":{"line":126,"column":0},"end":{"line":147,"column":1}},"line":126},"5":{"name":"loadConfig","decl":{"start":{"line":149,"column":7},"end":{"line":165,"column":1}},"loc":{"start":{"line":149,"column":7},"end":{"line":165,"column":1}},"line":149}},"f":{"0":9,"1":9,"2":9,"3":5,"4":6,"5":6}}
,"/Users/azakhar/Workspace/Personal/transmission-mcp-server/src/index.ts": {"path":"/Users/azakhar/Workspace/Personal/transmission-mcp-server/src/index.ts","all":false,"statementMap":{"0":{"start":{"line":1,"column":0},"end":{"line":1,"column":19}},"7":{"start":{"line":8,"column":0},"end":{"line":8,"column":24}},"8":{"start":{"line":9,"column":0},"end":{"line":9,"column":74}},"9":{"start":{"line":10,"column":0},"end":{"line":10,"column":10}},"16":{"start":{"line":17,"column":0},"end":{"line":17,"column":68}},"17":{"start":{"line":18,"column":0},"end":{"line":18,"column":16}},"18":{"start":{"line":19,"column":0},"end":{"line":19,"column":20}},"19":{"start":{"line":20,"column":0},"end":{"line":20,"column":39}},"20":{"start":{"line":21,"column":0},"end":{"line":21,"column":35}},"21":{"start":{"line":22,"column":0},"end":{"line":22,"column":17}},"22":{"start":{"line":23,"column":0},"end":{"line":23,"column":7}},"23":{"start":{"line":24,"column":0},"end":{"line":24,"column":4}},"24":{"start":{"line":25,"column":0},"end":{"line":25,"column":1}},"26":{"start":{"line":27,"column":0},"end":{"line":27,"column":55}},"27":{"start":{"line":28,"column":0},"end":{"line":28,"column":67}},"28":{"start":{"line":29,"column":0},"end":{"line":29,"column":25}},"29":{"start":{"line":30,"column":0},"end":{"line":30,"column":23}},"30":{"start":{"line":31,"column":0},"end":{"line":31,"column":1}},"32":{"start":{"line":33,"column":0},"end":{"line":33,"column":48}},"33":{"start":{"line":34,"column":0},"end":{"line":34,"column":32}},"34":{"start":{"line":35,"column":0},"end":{"line":35,"column":31}},"35":{"start":{"line":36,"column":0},"end":{"line":36,"column":18}},"36":{"start":{"line":37,"column":0},"end":{"line":37,"column":7}},"37":{"start":{"line":38,"column":0},"end":{"line":38,"column":49}},"38":{"start":{"line":39,"column":0},"end":{"line":39,"column":39}},"39":{"start":{"line":40,"column":0},"end":{"line":40,"column":33}},"40":{"start":{"line":41,"column":0},"end":{"line":41,"column":13}},"41":{"start":{"line":42,"column":0},"end":{"line":42,"column":5}},"42":{"start":{"line":43,"column":0},"end":{"line":43,"column":49}},"43":{"start":{"line":44,"column":0},"end":{"line":44,"column":42}},"44":{"start":{"line":45,"column":0},"end":{"line":45,"column":25}},"45":{"start":{"line":46,"column":0},"end":{"line":46,"column":77}},"46":{"start":{"line":47,"column":0},"end":{"line":47,"column":36}},"47":{"start":{"line":48,"column":0},"end":{"line":48,"column":18}},"48":{"start":{"line":49,"column":0},"end":{"line":49,"column":9}},"49":{"start":{"line":50,"column":0},"end":{"line":50,"column":5}},"50":{"start":{"line":51,"column":0},"end":{"line":51,"column":15}},"51":{"start":{"line":52,"column":0},"end":{"line":52,"column":23}},"52":{"start":{"line":53,"column":0},"end":{"line":53,"column":72}},"53":{"start":{"line":54,"column":0},"end":{"line":54,"column":56}},"54":{"start":{"line":55,"column":0},"end":{"line":55,"column":7}},"55":{"start":{"line":56,"column":0},"end":{"line":56,"column":3}},"56":{"start":{"line":57,"column":0},"end":{"line":57,"column":1}},"58":{"start":{"line":59,"column":0},"end":{"line":59,"column":45}},"59":{"start":{"line":60,"column":0},"end":{"line":60,"column":30}},"60":{"start":{"line":61,"column":0},"end":{"line":61,"column":43}},"61":{"start":{"line":62,"column":0},"end":{"line":62,"column":5}},"62":{"start":{"line":63,"column":0},"end":{"line":63,"column":28}},"63":{"start":{"line":64,"column":0},"end":{"line":64,"column":30}},"64":{"start":{"line":65,"column":0},"end":{"line":65,"column":38}},"65":{"start":{"line":66,"column":0},"end":{"line":66,"column":40}},"66":{"start":{"line":67,"column":0},"end":{"line":67,"column":6}},"67":{"start":{"line":68,"column":0},"end":{"line":68,"column":21}},"68":{"start":{"line":69,"column":0},"end":{"line":69,"column":4}},"70":{"start":{"line":71,"column":0},"end":{"line":71,"column":77}},"72":{"start":{"line":73,"column":0},"end":{"line":73,"column":30}},"73":{"start":{"line":74,"column":0},"end":{"line":74,"column":36}},"74":{"start":{"line":75,"column":0},"end":{"line":75,"column":63}},"75":{"start":{"line":76,"column":0},"end":{"line":76,"column":17}},"76":{"start":{"line":77,"column":0},"end":{"line":77,"column":205}},"77":{"start":{"line":78,"column":0},"end":{"line":78,"column":5}},"79":{"start":{"line":80,"column":0},"end":{"line":80,"column":47}},"81":{"start":{"line":82,"column":0},"end":{"line":82,"column":22}},"82":{"start":{"line":83,"column":0},"end":{"line":83,"column":27}},"83":{"start":{"line":84,"column":0},"end":{"line":84,"column":5}},"84":{"start":{"line":85,"column":0},"end":{"line":85,"column":1}},"86":{"start":{"line":87,"column":0},"end":{"line":87,"column":34}},"87":{"start":{"line":88,"column":0},"end":{"line":88,"column":32}},"88":{"start":{"line":89,"column":0},"end":{"line":89,"column":34}},"89":{"start":{"line":90,"column":0},"end":{"line":90,"column":17}},"90":{"start":{"line":91,"column":0},"end":{"line":91,"column":3}},"91":{"start":{"line":92,"column":0},"end":{"line":92,"column":78}},"92":{"start":{"line":93,"column":0},"end":{"line":93,"column":1}},"94":{"start":{"line":95,"column":0},"end":{"line":95,"column":21}},"95":{"start":{"line":96,"column":0},"end":{"line":96,"column":34}},"96":{"start":{"line":97,"column":0},"end":{"line":97,"column":1}}},"s":{"0":1,"7":1,"8":1,"9":1,"16":2,"17":2,"18":2,"19":2,"20":2,"21":2,"22":2,"23":2,"24":2,"26":1,"27":2,"28":2,"29":2,"30":2,"32":4,"33":4,"34":4,"35":4,"36":4,"37":4,"38":3,"39":4,"40":1,"41":1,"42":2,"43":4,"44":1,"45":1,"46":1,"47":1,"48":1,"49":1,"50":4,"51":1,"52":1,"53":1,"54":1,"55":1,"56":4,"58":4,"59":4,"60":4,"61":4,"62":4,"63":4,"64":4,"65":4,"66":4,"67":4,"68":4,"70":4,"72":4,"73":4,"74":4,"75":4,"76":4,"77":4,"79":4,"81":4,"82":4,"83":4,"84":4,"86":1,"87":1,"88":1,"89":0,"90":0,"91":1,"92":1,"94":1,"95":0,"96":0},"branchMap":{"0":{"type":"branch","line":95,"loc":{"start":{"line":95,"column":20},"end":{"line":97,"column":1}},"locations":[{"start":{"line":95,"column":20},"end":{"line":97,"column":1}}]},"1":{"type":"branch","line":17,"loc":{"start":{"line":17,"column":0},"end":{"line":25,"column":1}},"locations":[{"start":{"line":17,"column":0},"end":{"line":25,"column":1}}]},"2":{"type":"branch","line":27,"loc":{"start":{"line":27,"column":7},"end":{"line":31,"column":1}},"locations":[{"start":{"line":27,"column":7},"end":{"line":31,"column":1}}]},"3":{"type":"branch","line":28,"loc":{"start":{"line":28,"column":33},"end":{"line":28,"column":55}},"locations":[{"start":{"line":28,"column":33},"end":{"line":28,"column":55}}]},"4":{"type":"branch","line":28,"loc":{"start":{"line":28,"column":45},"end":{"line":28,"column":67}},"locations":[{"start":{"line":28,"column":45},"end":{"line":28,"column":67}}]},"5":{"type":"branch","line":33,"loc":{"start":{"line":33,"column":0},"end":{"line":57,"column":1}},"locations":[{"start":{"line":33,"column":0},"end":{"line":57,"column":1}}]},"6":{"type":"branch","line":38,"loc":{"start":{"line":38,"column":47},"end":{"line":40,"column":32}},"locations":[{"start":{"line":38,"column":47},"end":{"line":40,"column":32}}]},"7":{"type":"branch","line":40,"loc":{"start":{"line":40,"column":32},"end":{"line":42,"column":5}},"locations":[{"start":{"line":40,"column":32},"end":{"line":42,"column":5}}]},"8":{"type":"branch","line":42,"loc":{"start":{"line":42,"column":4},"end":{"line":44,"column":41}},"locations":[{"start":{"line":42,"column":4},"end":{"line":44,"column":41}}]},"9":{"type":"branch","line":44,"loc":{"start":{"line":44,"column":41},"end":{"line":50,"column":5}},"locations":[{"start":{"line":44,"column":41},"end":{"line":50,"column":5}}]},"10":{"type":"branch","line":51,"loc":{"start":{"line":51,"column":2},"end":{"line":56,"column":3}},"locations":[{"start":{"line":51,"column":2},"end":{"line":56,"column":3}}]},"11":{"type":"branch","line":54,"loc":{"start":{"line":54,"column":36},"end":{"line":54,"column":56}},"locations":[{"start":{"line":54,"column":36},"end":{"line":54,"column":56}}]},"12":{"type":"branch","line":59,"loc":{"start":{"line":59,"column":0},"end":{"line":85,"column":1}},"locations":[{"start":{"line":59,"column":0},"end":{"line":85,"column":1}}]},"13":{"type":"branch","line":87,"loc":{"start":{"line":87,"column":0},"end":{"line":93,"column":1}},"locations":[{"start":{"line":87,"column":0},"end":{"line":93,"column":1}}]},"14":{"type":"branch","line":89,"loc":{"start":{"line":89,"column":33},"end":{"line":91,"column":3}},"locations":[{"start":{"line":89,"column":33},"end":{"line":91,"column":3}}]}},"b":{"0":[0],"1":[2],"2":[2],"3":[1],"4":[1],"5":[4],"6":[3],"7":[1],"8":[2],"9":[1],"10":[1],"11":[0],"12":[4],"13":[1],"14":[0]},"fnMap":{"0":{"name":"logStartupWarning","decl":{"start":{"line":17,"column":0},"end":{"line":25,"column":1}},"loc":{"start":{"line":17,"column":0},"end":{"line":25,"column":1}},"line":17},"1":{"name":"reportMainFailure","decl":{"start":{"line":27,"column":7},"end":{"line":31,"column":1}},"loc":{"start":{"line":27,"column":7},"end":{"line":31,"column":1}},"line":27},"2":{"name":"warnIfSessionDownloadDirMismatch","decl":{"start":{"line":33,"column":0},"end":{"line":57,"column":1}},"loc":{"start":{"line":33,"column":0},"end":{"line":57,"column":1}},"line":33},"3":{"name":"main","decl":{"start":{"line":59,"column":0},"end":{"line":85,"column":1}},"loc":{"start":{"line":59,"column":0},"end":{"line":85,"column":1}},"line":59},"4":{"name":"isMainModule","decl":{"start":{"line":87,"column":0},"end":{"line":93,"column":1}},"loc":{"start":{"line":87,"column":0},"end":{"line":93,"column":1}},"line":87}},"f":{"0":2,"1":2,"2":4,"3":4,"4":1}}
,"/Users/azakhar/Workspace/Personal/transmission-mcp-server/src/log/mutationLog.ts": {"path":"/Users/azakhar/Workspace/Personal/transmission-mcp-server/src/log/mutationLog.ts","all":false,"statementMap":{"4":{"start":{"line":5,"column":0},"end":{"line":5,"column":88}},"5":{"start":{"line":6,"column":0},"end":{"line":6,"column":31}},"6":{"start":{"line":7,"column":0},"end":{"line":7,"column":38}},"7":{"start":{"line":8,"column":0},"end":{"line":8,"column":33}},"8":{"start":{"line":9,"column":0},"end":{"line":9,"column":11}},"9":{"start":{"line":10,"column":0},"end":{"line":10,"column":15}},"10":{"start":{"line":11,"column":0},"end":{"line":11,"column":5}},"11":{"start":{"line":12,"column":0},"end":{"line":12,"column":22}},"12":{"start":{"line":13,"column":0},"end":{"line":13,"column":1}}},"s":{"4":1,"5":12,"6":12,"7":12,"8":12,"9":12,"10":12,"11":12,"12":12},"branchMap":{"0":{"type":"branch","line":5,"loc":{"start":{"line":5,"column":7},"end":{"line":13,"column":1}},"locations":[{"start":{"line":5,"column":7},"end":{"line":13,"column":1}}]}},"b":{"0":[12]},"fnMap":{"0":{"name":"logMutation","decl":{"start":{"line":5,"column":7},"end":{"line":13,"column":1}},"loc":{"start":{"line":5,"column":7},"end":{"line":13,"column":1}},"line":5}},"f":{"0":12}}
,"/Users/azakhar/Workspace/Personal/transmission-mcp-server/src/transmission/operations.ts": {"path":"/Users/azakhar/Workspace/Personal/transmission-mcp-server/src/transmission/operations.ts","all":false,"statementMap":{"2":{"start":{"line":3,"column":0},"end":{"line":3,"column":36}},"3":{"start":{"line":4,"column":0},"end":{"line":4,"column":7}},"4":{"start":{"line":5,"column":0},"end":{"line":5,"column":9}},"5":{"start":{"line":6,"column":0},"end":{"line":6,"column":11}},"6":{"start":{"line":7,"column":0},"end":{"line":7,"column":16}},"7":{"start":{"line":8,"column":0},"end":{"line":8,"column":17}},"8":{"start":{"line":9,"column":0},"end":{"line":9,"column":15}},"9":{"start":{"line":10,"column":0},"end":{"line":10,"column":14}},"10":{"start":{"line":11,"column":0},"end":{"line":11,"column":17}},"11":{"start":{"line":12,"column":0},"end":{"line":12,"column":16}},"12":{"start":{"line":13,"column":0},"end":{"line":13,"column":10}},"13":{"start":{"line":14,"column":0},"end":{"line":14,"column":16}},"14":{"start":{"line":15,"column":0},"end":{"line":15,"column":8}},"15":{"start":{"line":16,"column":0},"end":{"line":16,"column":17}},"16":{"start":{"line":17,"column":0},"end":{"line":17,"column":14}},"17":{"start":{"line":18,"column":0},"end":{"line":18,"column":13}},"18":{"start":{"line":19,"column":0},"end":{"line":19,"column":11}},"26":{"start":{"line":27,"column":0},"end":{"line":27,"column":35}},"27":{"start":{"line":28,"column":0},"end":{"line":28,"column":32}},"28":{"start":{"line":29,"column":0},"end":{"line":29,"column":32}},"29":{"start":{"line":30,"column":0},"end":{"line":30,"column":3}},"30":{"start":{"line":31,"column":0},"end":{"line":31,"column":41}},"31":{"start":{"line":32,"column":0},"end":{"line":32,"column":37}},"32":{"start":{"line":33,"column":0},"end":{"line":33,"column":4}},"33":{"start":{"line":34,"column":0},"end":{"line":34,"column":61}},"34":{"start":{"line":35,"column":0},"end":{"line":35,"column":27}},"35":{"start":{"line":36,"column":0},"end":{"line":36,"column":3}},"36":{"start":{"line":37,"column":0},"end":{"line":37,"column":95}},"37":{"start":{"line":38,"column":0},"end":{"line":38,"column":67}},"38":{"start":{"line":39,"column":0},"end":{"line":39,"column":37}},"40":{"start":{"line":41,"column":0},"end":{"line":41,"column":93}},"41":{"start":{"line":42,"column":0},"end":{"line":42,"column":12}},"42":{"start":{"line":43,"column":0},"end":{"line":43,"column":49}},"43":{"start":{"line":44,"column":0},"end":{"line":44,"column":31}},"44":{"start":{"line":45,"column":0},"end":{"line":45,"column":30}},"45":{"start":{"line":46,"column":0},"end":{"line":46,"column":6}},"46":{"start":{"line":47,"column":0},"end":{"line":47,"column":3}},"48":{"start":{"line":49,"column":0},"end":{"line":49,"column":22}},"49":{"start":{"line":50,"column":0},"end":{"line":50,"column":1}},"51":{"start":{"line":52,"column":0},"end":{"line":52,"column":33}},"52":{"start":{"line":53,"column":0},"end":{"line":53,"column":32}},"53":{"start":{"line":54,"column":0},"end":{"line":54,"column":19}},"54":{"start":{"line":55,"column":0},"end":{"line":55,"column":22}},"55":{"start":{"line":56,"column":0},"end":{"line":56,"column":3}},"56":{"start":{"line":57,"column":0},"end":{"line":57,"column":22}},"59":{"start":{"line":60,"column":0},"end":{"line":60,"column":21}},"60":{"start":{"line":61,"column":0},"end":{"line":61,"column":13}},"61":{"start":{"line":62,"column":0},"end":{"line":62,"column":32}},"62":{"start":{"line":63,"column":0},"end":{"line":63,"column":5}},"63":{"start":{"line":64,"column":0},"end":{"line":64,"column":1}},"65":{"start":{"line":66,"column":0},"end":{"line":66,"column":79}},"66":{"start":{"line":67,"column":0},"end":{"line":67,"column":76}},"67":{"start":{"line":68,"column":0},"end":{"line":68,"column":1}},"69":{"start":{"line":70,"column":0},"end":{"line":70,"column":78}},"70":{"start":{"line":71,"column":0},"end":{"line":71,"column":75}},"71":{"start":{"line":72,"column":0},"end":{"line":72,"column":1}},"73":{"start":{"line":74,"column":0},"end":{"line":74,"column":36}},"74":{"start":{"line":75,"column":0},"end":{"line":75,"column":32}},"75":{"start":{"line":76,"column":0},"end":{"line":76,"column":13}},"76":{"start":{"line":77,"column":0},"end":{"line":77,"column":27}},"77":{"start":{"line":78,"column":0},"end":{"line":78,"column":3}},"78":{"start":{"line":79,"column":0},"end":{"line":79,"column":63}},"79":{"start":{"line":80,"column":0},"end":{"line":80,"column":14}},"80":{"start":{"line":81,"column":0},"end":{"line":81,"column":41}},"81":{"start":{"line":82,"column":0},"end":{"line":82,"column":5}},"82":{"start":{"line":83,"column":0},"end":{"line":83,"column":1}},"84":{"start":{"line":85,"column":0},"end":{"line":85,"column":65}},"85":{"start":{"line":86,"column":0},"end":{"line":86,"column":65}},"86":{"start":{"line":87,"column":0},"end":{"line":87,"column":1}}},"s":{"2":1,"3":1,"4":1,"5":1,"6":1,"7":1,"8":1,"9":1,"10":1,"11":1,"12":1,"13":1,"14":1,"15":1,"16":1,"17":1,"18":1,"26":7,"27":7,"28":7,"29":7,"30":7,"31":7,"32":7,"33":7,"34":1,"35":1,"36":7,"37":7,"38":7,"40":7,"41":1,"42":1,"43":1,"44":1,"45":1,"46":1,"48":3,"49":3,"51":4,"52":4,"53":4,"54":4,"55":4,"56":4,"59":4,"60":4,"61":4,"62":4,"63":4,"65":3,"66":3,"67":3,"69":3,"70":3,"71":3,"73":3,"74":3,"75":3,"76":3,"77":3,"78":3,"79":3,"80":3,"81":3,"82":3,"84":8,"85":8,"86":8},"branchMap":{"0":{"type":"branch","line":27,"loc":{"start":{"line":27,"column":0},"end":{"line":50,"column":1}},"locations":[{"start":{"line":27,"column":0},"end":{"line":50,"column":1}}]},"1":{"type":"branch","line":34,"loc":{"start":{"line":34,"column":23},"end":{"line":34,"column":60}},"locations":[{"start":{"line":34,"column":23},"end":{"line":34,"column":60}}]},"2":{"type":"branch","line":34,"loc":{"start":{"line":34,"column":60},"end":{"line":36,"column":3}},"locations":[{"start":{"line":34,"column":60},"end":{"line":36,"column":3}}]},"3":{"type":"branch","line":37,"loc":{"start":{"line":37,"column":93},"end":{"line":38,"column":64}},"locations":[{"start":{"line":37,"column":93},"end":{"line":38,"column":64}}]},"4":{"type":"branch","line":38,"loc":{"start":{"line":38,"column":53},"end":{"line":38,"column":67}},"locations":[{"start":{"line":38,"column":53},"end":{"line":38,"column":67}}]},"5":{"type":"branch","line":41,"loc":{"start":{"line":41,"column":6},"end":{"line":41,"column":25}},"locations":[{"start":{"line":41,"column":6},"end":{"line":41,"column":25}}]},"6":{"type":"branch","line":41,"loc":{"start":{"line":41,"column":25},"end":{"line":41,"column":59}},"locations":[{"start":{"line":41,"column":25},"end":{"line":41,"column":59}}]},"7":{"type":"branch","line":41,"loc":{"start":{"line":41,"column":54},"end":{"line":41,"column":92}},"locations":[{"start":{"line":41,"column":54},"end":{"line":41,"column":92}}]},"8":{"type":"branch","line":41,"loc":{"start":{"line":41,"column":92},"end":{"line":47,"column":3}},"locations":[{"start":{"line":41,"column":92},"end":{"line":47,"column":3}}]},"9":{"type":"branch","line":47,"loc":{"start":{"line":47,"column":2},"end":{"line":50,"column":1}},"locations":[{"start":{"line":47,"column":2},"end":{"line":50,"column":1}}]},"10":{"type":"branch","line":52,"loc":{"start":{"line":52,"column":0},"end":{"line":64,"column":1}},"locations":[{"start":{"line":52,"column":0},"end":{"line":64,"column":1}}]},"11":{"type":"branch","line":66,"loc":{"start":{"line":66,"column":0},"end":{"line":68,"column":1}},"locations":[{"start":{"line":66,"column":0},"end":{"line":68,"column":1}}]},"12":{"type":"branch","line":70,"loc":{"start":{"line":70,"column":0},"end":{"line":72,"column":1}},"locations":[{"start":{"line":70,"column":0},"end":{"line":72,"column":1}}]},"13":{"type":"branch","line":74,"loc":{"start":{"line":74,"column":0},"end":{"line":83,"column":1}},"locations":[{"start":{"line":74,"column":0},"end":{"line":83,"column":1}}]},"14":{"type":"branch","line":85,"loc":{"start":{"line":85,"column":0},"end":{"line":87,"column":1}},"locations":[{"start":{"line":85,"column":0},"end":{"line":87,"column":1}}]}},"b":{"0":[7],"1":[2],"2":[1],"3":[4],"4":[0],"5":[4],"6":[1],"7":[1],"8":[1],"9":[3],"10":[4],"11":[3],"12":[3],"13":[3],"14":[8]},"fnMap":{"0":{"name":"listTorrents","decl":{"start":{"line":27,"column":0},"end":{"line":50,"column":1}},"loc":{"start":{"line":27,"column":0},"end":{"line":50,"column":1}},"line":27},"1":{"name":"addTorrent","decl":{"start":{"line":52,"column":0},"end":{"line":64,"column":1}},"loc":{"start":{"line":52,"column":0},"end":{"line":64,"column":1}},"line":52},"2":{"name":"startTorrent","decl":{"start":{"line":66,"column":0},"end":{"line":68,"column":1}},"loc":{"start":{"line":66,"column":0},"end":{"line":68,"column":1}},"line":66},"3":{"name":"stopTorrent","decl":{"start":{"line":70,"column":0},"end":{"line":72,"column":1}},"loc":{"start":{"line":70,"column":0},"end":{"line":72,"column":1}},"line":70},"4":{"name":"removeTorrent","decl":{"start":{"line":74,"column":0},"end":{"line":83,"column":1}},"loc":{"start":{"line":74,"column":0},"end":{"line":83,"column":1}},"line":74},"5":{"name":"getSession","decl":{"start":{"line":85,"column":0},"end":{"line":87,"column":1}},"loc":{"start":{"line":85,"column":0},"end":{"line":87,"column":1}},"line":85}},"f":{"0":7,"1":4,"2":3,"3":3,"4":3,"5":8}}
,"/Users/azakhar/Workspace/Personal/transmission-mcp-server/src/transmission/rpcClient.ts": {"path":"/Users/azakhar/Workspace/Personal/transmission-mcp-server/src/transmission/rpcClient.ts","all":false,"statementMap":{"0":{"start":{"line":1,"column":0},"end":{"line":1,"column":49}},"1":{"start":{"line":2,"column":0},"end":{"line":2,"column":30}},"2":{"start":{"line":3,"column":0},"end":{"line":3,"column":42}},"4":{"start":{"line":5,"column":0},"end":{"line":5,"column":73}},"5":{"start":{"line":6,"column":0},"end":{"line":6,"column":19}},"6":{"start":{"line":7,"column":0},"end":{"line":7,"column":39}},"7":{"start":{"line":8,"column":0},"end":{"line":8,"column":33}},"8":{"start":{"line":9,"column":0},"end":{"line":9,"column":33}},"9":{"start":{"line":10,"column":0},"end":{"line":10,"column":3}},"10":{"start":{"line":11,"column":0},"end":{"line":11,"column":1}},"17":{"start":{"line":18,"column":0},"end":{"line":18,"column":36}},"18":{"start":{"line":19,"column":0},"end":{"line":19,"column":42}},"19":{"start":{"line":20,"column":0},"end":{"line":20,"column":18}},"20":{"start":{"line":21,"column":0},"end":{"line":21,"column":38}},"22":{"start":{"line":23,"column":0},"end":{"line":23,"column":14}},"23":{"start":{"line":24,"column":0},"end":{"line":24,"column":31}},"29":{"start":{"line":30,"column":0},"end":{"line":30,"column":23}},"30":{"start":{"line":31,"column":0},"end":{"line":31,"column":5}},"31":{"start":{"line":32,"column":0},"end":{"line":32,"column":27}},"32":{"start":{"line":33,"column":0},"end":{"line":33,"column":3}},"34":{"start":{"line":35,"column":0},"end":{"line":35,"column":32}},"35":{"start":{"line":36,"column":0},"end":{"line":36,"column":30}},"36":{"start":{"line":37,"column":0},"end":{"line":37,"column":60}},"37":{"start":{"line":38,"column":0},"end":{"line":38,"column":13}},"38":{"start":{"line":39,"column":0},"end":{"line":39,"column":25}},"39":{"start":{"line":40,"column":0},"end":{"line":40,"column":28}},"40":{"start":{"line":41,"column":0},"end":{"line":41,"column":3}},"42":{"start":{"line":43,"column":0},"end":{"line":43,"column":25}},"43":{"start":{"line":44,"column":0},"end":{"line":44,"column":19}},"44":{"start":{"line":45,"column":0},"end":{"line":45,"column":34}},"45":{"start":{"line":46,"column":0},"end":{"line":46,"column":26}},"46":{"start":{"line":47,"column":0},"end":{"line":47,"column":62}},"47":{"start":{"line":48,"column":0},"end":{"line":48,"column":76}},"48":{"start":{"line":49,"column":0},"end":{"line":49,"column":35}},"49":{"start":{"line":50,"column":0},"end":{"line":50,"column":43}},"50":{"start":{"line":51,"column":0},"end":{"line":51,"column":35}},"51":{"start":{"line":52,"column":0},"end":{"line":52,"column":41}},"52":{"start":{"line":53,"column":0},"end":{"line":53,"column":9}},"53":{"start":{"line":54,"column":0},"end":{"line":54,"column":27}},"54":{"start":{"line":55,"column":0},"end":{"line":55,"column":65}},"55":{"start":{"line":56,"column":0},"end":{"line":56,"column":7}},"57":{"start":{"line":58,"column":0},"end":{"line":58,"column":20}},"58":{"start":{"line":59,"column":0},"end":{"line":59,"column":47}},"59":{"start":{"line":60,"column":0},"end":{"line":60,"column":58}},"60":{"start":{"line":61,"column":0},"end":{"line":61,"column":22}},"62":{"start":{"line":63,"column":0},"end":{"line":63,"column":24}},"63":{"start":{"line":64,"column":0},"end":{"line":64,"column":11}},"64":{"start":{"line":65,"column":0},"end":{"line":65,"column":55}},"65":{"start":{"line":66,"column":0},"end":{"line":66,"column":25}},"66":{"start":{"line":67,"column":0},"end":{"line":67,"column":18}},"67":{"start":{"line":68,"column":0},"end":{"line":68,"column":37}},"68":{"start":{"line":69,"column":0},"end":{"line":69,"column":17}},"69":{"start":{"line":70,"column":0},"end":{"line":70,"column":11}},"70":{"start":{"line":71,"column":0},"end":{"line":71,"column":19}},"71":{"start":{"line":72,"column":0},"end":{"line":72,"column":60}},"72":{"start":{"line":73,"column":0},"end":{"line":73,"column":47}},"73":{"start":{"line":74,"column":0},"end":{"line":74,"column":41}},"74":{"start":{"line":75,"column":0},"end":{"line":75,"column":100}},"75":{"start":{"line":76,"column":0},"end":{"line":76,"column":16}},"76":{"start":{"line":77,"column":0},"end":{"line":77,"column":12}},"77":{"start":{"line":78,"column":0},"end":{"line":78,"column":9}},"78":{"start":{"line":79,"column":0},"end":{"line":79,"column":16}},"79":{"start":{"line":80,"column":0},"end":{"line":80,"column":7}},"81":{"start":{"line":82,"column":0},"end":{"line":82,"column":63}},"82":{"start":{"line":83,"column":0},"end":{"line":83,"column":27}},"83":{"start":{"line":84,"column":0},"end":{"line":84,"column":6}},"85":{"start":{"line":86,"column":0},"end":{"line":86,"column":40}},"87":{"start":{"line":88,"column":0},"end":{"line":88,"column":29}},"88":{"start":{"line":89,"column":0},"end":{"line":89,"column":63}},"89":{"start":{"line":90,"column":0},"end":{"line":90,"column":17}},"90":{"start":{"line":91,"column":0},"end":{"line":91,"column":39}},"91":{"start":{"line":92,"column":0},"end":{"line":92,"column":72}},"92":{"start":{"line":93,"column":0},"end":{"line":93,"column":14}},"93":{"start":{"line":94,"column":0},"end":{"line":94,"column":10}},"94":{"start":{"line":95,"column":0},"end":{"line":95,"column":7}},"95":{"start":{"line":96,"column":0},"end":{"line":96,"column":27}},"96":{"start":{"line":97,"column":0},"end":{"line":97,"column":40}},"97":{"start":{"line":98,"column":0},"end":{"line":98,"column":5}},"99":{"start":{"line":100,"column":0},"end":{"line":100,"column":29}},"100":{"start":{"line":101,"column":0},"end":{"line":101,"column":84}},"101":{"start":{"line":102,"column":0},"end":{"line":102,"column":5}},"103":{"start":{"line":104,"column":0},"end":{"line":104,"column":18}},"104":{"start":{"line":105,"column":0},"end":{"line":105,"column":37}},"105":{"start":{"line":106,"column":0},"end":{"line":106,"column":54}},"106":{"start":{"line":107,"column":0},"end":{"line":107,"column":19}},"107":{"start":{"line":108,"column":0},"end":{"line":108,"column":8}},"108":{"start":{"line":109,"column":0},"end":{"line":109,"column":5}},"110":{"start":{"line":111,"column":0},"end":{"line":111,"column":52}},"111":{"start":{"line":112,"column":0},"end":{"line":112,"column":37}},"112":{"start":{"line":113,"column":0},"end":{"line":113,"column":45}},"113":{"start":{"line":114,"column":0},"end":{"line":114,"column":19}},"114":{"start":{"line":115,"column":0},"end":{"line":115,"column":8}},"115":{"start":{"line":116,"column":0},"end":{"line":116,"column":5}},"117":{"start":{"line":118,"column":0},"end":{"line":118,"column":48}},"118":{"start":{"line":119,"column":0},"end":{"line":119,"column":33}},"119":{"start":{"line":120,"column":0},"end":{"line":120,"column":29}},"120":{"start":{"line":121,"column":0},"end":{"line":121,"column":92}},"121":{"start":{"line":122,"column":0},"end":{"line":122,"column":88}},"122":{"start":{"line":123,"column":0},"end":{"line":123,"column":5}},"123":{"start":{"line":124,"column":0},"end":{"line":124,"column":31}},"124":{"start":{"line":125,"column":0},"end":{"line":125,"column":87}},"125":{"start":{"line":126,"column":0},"end":{"line":126,"column":5}},"126":{"start":{"line":127,"column":0},"end":{"line":127,"column":42}},"127":{"start":{"line":128,"column":0},"end":{"line":128,"column":3}},"128":{"start":{"line":129,"column":0},"end":{"line":129,"column":1}}},"s":{"0":1,"1":1,"2":4,"4":1,"5":4,"6":4,"7":4,"8":4,"9":4,"10":1,"17":1,"18":1,"19":1,"20":1,"22":1,"23":4,"29":4,"30":4,"31":4,"32":4,"34":1,"35":5,"36":5,"37":5,"38":5,"39":5,"40":5,"42":1,"43":4,"44":4,"45":4,"46":4,"47":4,"48":5,"49":5,"50":5,"51":5,"52":5,"53":5,"54":1,"55":1,"57":5,"58":5,"59":1,"60":4,"62":5,"63":5,"64":5,"65":5,"66":5,"67":5,"68":5,"69":5,"70":5,"71":1,"72":1,"73":1,"74":1,"75":1,"76":1,"77":1,"78":0,"79":0,"81":4,"82":4,"83":5,"85":4,"87":4,"88":1,"89":1,"90":0,"91":0,"92":0,"93":0,"94":0,"95":1,"96":1,"97":1,"99":4,"100":0,"101":0,"103":4,"104":0,"105":0,"106":0,"107":0,"108":0,"110":4,"111":0,"112":0,"113":0,"114":0,"115":0,"117":3,"118":3,"119":4,"120":1,"121":1,"122":1,"123":4,"124":0,"125":0,"126":2,"127":4,"128":1},"branchMap":{"0":{"type":"branch","line":2,"loc":{"start":{"line":2,"column":11},"end":{"line":3,"column":42}},"locations":[{"start":{"line":2,"column":11},"end":{"line":3,"column":42}}]},"1":{"type":"branch","line":5,"loc":{"start":{"line":5,"column":2},"end":{"line":10,"column":3}},"locations":[{"start":{"line":5,"column":2},"end":{"line":10,"column":3}}]},"2":{"type":"branch","line":23,"loc":{"start":{"line":23,"column":2},"end":{"line":33,"column":3}},"locations":[{"start":{"line":23,"column":2},"end":{"line":33,"column":3}}]},"3":{"type":"branch","line":35,"loc":{"start":{"line":35,"column":10},"end":{"line":41,"column":3}},"locations":[{"start":{"line":35,"column":10},"end":{"line":41,"column":3}}]},"4":{"type":"branch","line":43,"loc":{"start":{"line":43,"column":2},"end":{"line":128,"column":3}},"locations":[{"start":{"line":43,"column":2},"end":{"line":128,"column":3}}]},"5":{"type":"branch","line":86,"loc":{"start":{"line":86,"column":38},"end":{"line":88,"column":28}},"locations":[{"start":{"line":86,"column":38},"end":{"line":88,"column":28}}]},"6":{"type":"branch","line":88,"loc":{"start":{"line":88,"column":28},"end":{"line":98,"column":5}},"locations":[{"start":{"line":88,"column":28},"end":{"line":98,"column":5}}]},"7":{"type":"branch","line":90,"loc":{"start":{"line":90,"column":16},"end":{"line":95,"column":7}},"locations":[{"start":{"line":90,"column":16},"end":{"line":95,"column":7}}]},"8":{"type":"branch","line":98,"loc":{"start":{"line":98,"column":4},"end":{"line":100,"column":28}},"locations":[{"start":{"line":98,"column":4},"end":{"line":100,"column":28}}]},"9":{"type":"branch","line":100,"loc":{"start":{"line":100,"column":28},"end":{"line":102,"column":5}},"locations":[{"start":{"line":100,"column":28},"end":{"line":102,"column":5}}]},"10":{"type":"branch","line":102,"loc":{"start":{"line":102,"column":4},"end":{"line":104,"column":17}},"locations":[{"start":{"line":102,"column":4},"end":{"line":104,"column":17}}]},"11":{"type":"branch","line":104,"loc":{"start":{"line":104,"column":17},"end":{"line":109,"column":5}},"locations":[{"start":{"line":104,"column":17},"end":{"line":109,"column":5}}]},"12":{"type":"branch","line":109,"loc":{"start":{"line":109,"column":4},"end":{"line":111,"column":51}},"locations":[{"start":{"line":109,"column":4},"end":{"line":111,"column":51}}]},"13":{"type":"branch","line":111,"loc":{"start":{"line":111,"column":51},"end":{"line":116,"column":5}},"locations":[{"start":{"line":111,"column":51},"end":{"line":116,"column":5}}]},"14":{"type":"branch","line":116,"loc":{"start":{"line":116,"column":4},"end":{"line":120,"column":28}},"locations":[{"start":{"line":116,"column":4},"end":{"line":120,"column":28}}]},"15":{"type":"branch","line":120,"loc":{"start":{"line":120,"column":28},"end":{"line":123,"column":5}},"locations":[{"start":{"line":120,"column":28},"end":{"line":123,"column":5}}]},"16":{"type":"branch","line":121,"loc":{"start":{"line":121,"column":72},"end":{"line":121,"column":92}},"locations":[{"start":{"line":121,"column":72},"end":{"line":121,"column":92}}]},"17":{"type":"branch","line":123,"loc":{"start":{"line":123,"column":4},"end":{"line":124,"column":30}},"locations":[{"start":{"line":123,"column":4},"end":{"line":124,"column":30}}]},"18":{"type":"branch","line":124,"loc":{"start":{"line":124,"column":30},"end":{"line":126,"column":5}},"locations":[{"start":{"line":124,"column":30},"end":{"line":126,"column":5}}]},"19":{"type":"branch","line":126,"loc":{"start":{"line":126,"column":4},"end":{"line":127,"column":42}},"locations":[{"start":{"line":126,"column":4},"end":{"line":127,"column":42}}]},"20":{"type":"branch","line":48,"loc":{"start":{"line":48,"column":20},"end":{"line":84,"column":6}},"locations":[{"start":{"line":48,"column":20},"end":{"line":84,"column":6}}]},"21":{"type":"branch","line":54,"loc":{"start":{"line":54,"column":26},"end":{"line":56,"column":7}},"locations":[{"start":{"line":54,"column":26},"end":{"line":56,"column":7}}]},"22":{"type":"branch","line":59,"loc":{"start":{"line":59,"column":38},"end":{"line":60,"column":58}},"locations":[{"start":{"line":59,"column":38},"end":{"line":60,"column":58}}]},"23":{"type":"branch","line":60,"loc":{"start":{"line":60,"column":57},"end":{"line":61,"column":22}},"locations":[{"start":{"line":60,"column":57},"end":{"line":61,"column":22}}]},"24":{"type":"branch","line":70,"loc":{"start":{"line":70,"column":9},"end":{"line":71,"column":15}},"locations":[{"start":{"line":70,"column":9},"end":{"line":71,"column":15}}]},"25":{"type":"branch","line":71,"loc":{"start":{"line":71,"column":6},"end":{"line":80,"column":7}},"locations":[{"start":{"line":71,"column":6},"end":{"line":80,"column":7}}]},"26":{"type":"branch","line":75,"loc":{"start":{"line":75,"column":88},"end":{"line":75,"column":97}},"locations":[{"start":{"line":75,"column":88},"end":{"line":75,"column":97}}]},"27":{"type":"branch","line":78,"loc":{"start":{"line":78,"column":8},"end":{"line":80,"column":7}},"locations":[{"start":{"line":78,"column":8},"end":{"line":80,"column":7}}]},"28":{"type":"branch","line":80,"loc":{"start":{"line":80,"column":6},"end":{"line":83,"column":27}},"locations":[{"start":{"line":80,"column":6},"end":{"line":83,"column":27}}]}},"b":{"0":[4],"1":[4],"2":[4],"3":[5],"4":[4],"5":[3],"6":[1],"7":[0],"8":[3],"9":[0],"10":[3],"11":[0],"12":[3],"13":[0],"14":[3],"15":[1],"16":[0],"17":[2],"18":[0],"19":[2],"20":[5],"21":[1],"22":[1],"23":[4],"24":[4],"25":[1],"26":[0],"27":[0],"28":[4]},"fnMap":{"0":{"name":"<instance_members_initializer>","decl":{"start":{"line":2,"column":11},"end":{"line":3,"column":42}},"loc":{"start":{"line":2,"column":11},"end":{"line":3,"column":42}},"line":2},"1":{"name":"TransmissionRpcError","decl":{"start":{"line":5,"column":2},"end":{"line":10,"column":3}},"loc":{"start":{"line":5,"column":2},"end":{"line":10,"column":3}},"line":5},"2":{"name":"TransmissionRpcClient","decl":{"start":{"line":23,"column":2},"end":{"line":33,"column":3}},"loc":{"start":{"line":23,"column":2},"end":{"line":33,"column":3}},"line":23},"3":{"name":"authHeader","decl":{"start":{"line":35,"column":10},"end":{"line":41,"column":3}},"loc":{"start":{"line":35,"column":10},"end":{"line":41,"column":3}},"line":35},"4":{"name":"call","decl":{"start":{"line":43,"column":2},"end":{"line":128,"column":3}},"loc":{"start":{"line":43,"column":2},"end":{"line":128,"column":3}},"line":43},"5":{"name":"attempt","decl":{"start":{"line":48,"column":20},"end":{"line":84,"column":6}},"loc":{"start":{"line":48,"column":20},"end":{"line":84,"column":6}},"line":48}},"f":{"0":4,"1":4,"2":4,"3":5,"4":4,"5":5}}
,"/Users/azakhar/Workspace/Personal/transmission-mcp-server/src/transmission/schemas.ts": {"path":"/Users/azakhar/Workspace/Personal/transmission-mcp-server/src/transmission/schemas.ts","all":false,"statementMap":{"0":{"start":{"line":1,"column":0},"end":{"line":1,"column":39}},"2":{"start":{"line":3,"column":0},"end":{"line":3,"column":40}},"3":{"start":{"line":4,"column":0},"end":{"line":4,"column":45}},"4":{"start":{"line":5,"column":0},"end":{"line":5,"column":30}},"5":{"start":{"line":6,"column":0},"end":{"line":6,"column":36}},"6":{"start":{"line":7,"column":0},"end":{"line":7,"column":3}},"8":{"start":{"line":9,"column":0},"end":{"line":9,"column":49}},"9":{"start":{"line":10,"column":0},"end":{"line":10,"column":47}},"10":{"start":{"line":11,"column":0},"end":{"line":11,"column":51}},"11":{"start":{"line":12,"column":0},"end":{"line":12,"column":3}},"14":{"start":{"line":15,"column":0},"end":{"line":15,"column":55}},"16":{"start":{"line":17,"column":0},"end":{"line":17,"column":36}},"17":{"start":{"line":18,"column":0},"end":{"line":18,"column":53}},"18":{"start":{"line":19,"column":0},"end":{"line":19,"column":19}},"19":{"start":{"line":20,"column":0},"end":{"line":20,"column":62}},"20":{"start":{"line":21,"column":0},"end":{"line":21,"column":34}},"21":{"start":{"line":22,"column":0},"end":{"line":22,"column":3}},"22":{"start":{"line":23,"column":0},"end":{"line":23,"column":37}},"23":{"start":{"line":24,"column":0},"end":{"line":24,"column":1}},"25":{"start":{"line":26,"column":0},"end":{"line":26,"column":95}},"26":{"start":{"line":27,"column":0},"end":{"line":27,"column":48}},"27":{"start":{"line":28,"column":0},"end":{"line":28,"column":50}},"28":{"start":{"line":29,"column":0},"end":{"line":29,"column":26}},"29":{"start":{"line":30,"column":0},"end":{"line":30,"column":49}},"30":{"start":{"line":31,"column":0},"end":{"line":31,"column":1}}},"s":{"0":1,"2":1,"3":1,"4":1,"5":1,"6":1,"8":1,"9":1,"10":1,"11":1,"14":1,"16":6,"17":6,"18":6,"19":2,"20":2,"21":2,"22":4,"23":4,"25":1,"26":3,"27":3,"28":3,"29":3,"30":3},"branchMap":{"0":{"type":"branch","line":15,"loc":{"start":{"line":15,"column":7},"end":{"line":24,"column":1}},"locations":[{"start":{"line":15,"column":7},"end":{"line":24,"column":1}}]},"1":{"type":"branch","line":19,"loc":{"start":{"line":19,"column":18},"end":{"line":22,"column":3}},"locations":[{"start":{"line":19,"column":18},"end":{"line":22,"column":3}}]},"2":{"type":"branch","line":20,"loc":{"start":{"line":20,"column":41},"end":{"line":20,"column":62}},"locations":[{"start":{"line":20,"column":41},"end":{"line":20,"column":62}}]},"3":{"type":"branch","line":22,"loc":{"start":{"line":22,"column":2},"end":{"line":24,"column":1}},"locations":[{"start":{"line":22,"column":2},"end":{"line":24,"column":1}}]},"4":{"type":"branch","line":26,"loc":{"start":{"line":26,"column":7},"end":{"line":31,"column":1}},"locations":[{"start":{"line":26,"column":7},"end":{"line":31,"column":1}}]},"5":{"type":"branch","line":27,"loc":{"start":{"line":27,"column":38},"end":{"line":27,"column":48}},"locations":[{"start":{"line":27,"column":38},"end":{"line":27,"column":48}}]},"6":{"type":"branch","line":28,"loc":{"start":{"line":28,"column":40},"end":{"line":28,"column":50}},"locations":[{"start":{"line":28,"column":40},"end":{"line":28,"column":50}}]},"7":{"type":"branch","line":29,"loc":{"start":{"line":29,"column":13},"end":{"line":29,"column":26}},"locations":[{"start":{"line":29,"column":13},"end":{"line":29,"column":26}}]},"8":{"type":"branch","line":30,"loc":{"start":{"line":30,"column":34},"end":{"line":30,"column":49}},"locations":[{"start":{"line":30,"column":34},"end":{"line":30,"column":49}}]}},"b":{"0":[6],"1":[2],"2":[0],"3":[4],"4":[3],"5":[2],"6":[1],"7":[1],"8":[0]},"fnMap":{"0":{"name":"parseAddTorrentArguments","decl":{"start":{"line":15,"column":7},"end":{"line":24,"column":1}},"loc":{"start":{"line":15,"column":7},"end":{"line":24,"column":1}},"line":15},"1":{"name":"getTorrentIdFromAddResult","decl":{"start":{"line":26,"column":7},"end":{"line":31,"column":1}},"loc":{"start":{"line":26,"column":7},"end":{"line":31,"column":1}},"line":26}},"f":{"0":6,"1":3}}
,"/Users/azakhar/Workspace/Personal/transmission-mcp-server/src/validators/paths.ts": {"path":"/Users/azakhar/Workspace/Personal/transmission-mcp-server/src/validators/paths.ts","all":false,"statementMap":{"0":{"start":{"line":1,"column":0},"end":{"line":1,"column":29}},"3":{"start":{"line":4,"column":0},"end":{"line":4,"column":60}},"4":{"start":{"line":5,"column":0},"end":{"line":5,"column":29}},"5":{"start":{"line":6,"column":0},"end":{"line":6,"column":29}},"6":{"start":{"line":7,"column":0},"end":{"line":7,"column":46}},"7":{"start":{"line":8,"column":0},"end":{"line":8,"column":3}},"8":{"start":{"line":9,"column":0},"end":{"line":9,"column":47}},"9":{"start":{"line":10,"column":0},"end":{"line":10,"column":1}},"11":{"start":{"line":12,"column":0},"end":{"line":12,"column":93}},"12":{"start":{"line":13,"column":0},"end":{"line":13,"column":48}},"13":{"start":{"line":14,"column":0},"end":{"line":14,"column":40}},"14":{"start":{"line":15,"column":0},"end":{"line":15,"column":20}},"15":{"start":{"line":16,"column":0},"end":{"line":16,"column":81}},"16":{"start":{"line":17,"column":0},"end":{"line":17,"column":6}},"17":{"start":{"line":18,"column":0},"end":{"line":18,"column":3}},"18":{"start":{"line":19,"column":0},"end":{"line":19,"column":20}},"19":{"start":{"line":20,"column":0},"end":{"line":20,"column":1}},"21":{"start":{"line":22,"column":0},"end":{"line":22,"column":54}},"25":{"start":{"line":26,"column":0},"end":{"line":26,"column":12}},"26":{"start":{"line":27,"column":0},"end":{"line":27,"column":72}},"27":{"start":{"line":28,"column":0},"end":{"line":28,"column":74}},"28":{"start":{"line":29,"column":0},"end":{"line":29,"column":3}},"29":{"start":{"line":30,"column":0},"end":{"line":30,"column":41}},"30":{"start":{"line":31,"column":0},"end":{"line":31,"column":75}},"31":{"start":{"line":32,"column":0},"end":{"line":32,"column":3}},"32":{"start":{"line":33,"column":0},"end":{"line":33,"column":39}},"33":{"start":{"line":34,"column":0},"end":{"line":34,"column":37}},"34":{"start":{"line":35,"column":0},"end":{"line":35,"column":16}},"35":{"start":{"line":36,"column":0},"end":{"line":36,"column":3}},"36":{"start":{"line":37,"column":0},"end":{"line":37,"column":18}},"37":{"start":{"line":38,"column":0},"end":{"line":38,"column":120}},"38":{"start":{"line":39,"column":0},"end":{"line":39,"column":4}},"39":{"start":{"line":40,"column":0},"end":{"line":40,"column":1}}},"s":{"0":1,"3":1,"4":12,"5":12,"6":0,"7":0,"8":12,"9":12,"11":1,"12":5,"13":5,"14":1,"15":1,"16":1,"17":1,"18":4,"19":4,"21":1,"25":6,"26":6,"27":0,"28":0,"29":6,"30":4,"31":4,"32":3,"33":1,"34":1,"35":1,"36":1,"37":1,"38":1,"39":1},"branchMap":{"0":{"type":"branch","line":4,"loc":{"start":{"line":4,"column":7},"end":{"line":10,"column":1}},"locations":[{"start":{"line":4,"column":7},"end":{"line":10,"column":1}}]},"1":{"type":"branch","line":6,"loc":{"start":{"line":6,"column":28},"end":{"line":8,"column":3}},"locations":[{"start":{"line":6,"column":28},"end":{"line":8,"column":3}}]},"2":{"type":"branch","line":12,"loc":{"start":{"line":12,"column":7},"end":{"line":20,"column":1}},"locations":[{"start":{"line":12,"column":7},"end":{"line":20,"column":1}}]},"3":{"type":"branch","line":14,"loc":{"start":{"line":14,"column":39},"end":{"line":20,"column":1}},"locations":[{"start":{"line":14,"column":39},"end":{"line":20,"column":1}}]},"4":{"type":"branch","line":14,"loc":{"start":{"line":14,"column":39},"end":{"line":18,"column":3}},"locations":[{"start":{"line":14,"column":39},"end":{"line":18,"column":3}}]},"5":{"type":"branch","line":22,"loc":{"start":{"line":22,"column":7},"end":{"line":40,"column":1}},"locations":[{"start":{"line":22,"column":7},"end":{"line":40,"column":1}}]},"6":{"type":"branch","line":27,"loc":{"start":{"line":27,"column":28},"end":{"line":27,"column":71}},"locations":[{"start":{"line":27,"column":28},"end":{"line":27,"column":71}}]},"7":{"type":"branch","line":27,"loc":{"start":{"line":27,"column":71},"end":{"line":29,"column":3}},"locations":[{"start":{"line":27,"column":71},"end":{"line":29,"column":3}}]},"8":{"type":"branch","line":30,"loc":{"start":{"line":30,"column":40},"end":{"line":32,"column":3}},"locations":[{"start":{"line":30,"column":40},"end":{"line":32,"column":3}}]},"9":{"type":"branch","line":32,"loc":{"start":{"line":32,"column":2},"end":{"line":40,"column":1}},"locations":[{"start":{"line":32,"column":2},"end":{"line":40,"column":1}}]},"10":{"type":"branch","line":32,"loc":{"start":{"line":32,"column":2},"end":{"line":33,"column":38}},"locations":[{"start":{"line":32,"column":2},"end":{"line":33,"column":38}}]},"11":{"type":"branch","line":33,"loc":{"start":{"line":33,"column":38},"end":{"line":40,"column":1}},"locations":[{"start":{"line":33,"column":38},"end":{"line":40,"column":1}}]}},"b":{"0":[12],"1":[0],"2":[5],"3":[4],"4":[1],"5":[6],"6":[0],"7":[0],"8":[4],"9":[3],"10":[2],"11":[1]},"fnMap":{"0":{"name":"normalizeDownloadPath","decl":{"start":{"line":4,"column":7},"end":{"line":10,"column":1}},"loc":{"start":{"line":4,"column":7},"end":{"line":10,"column":1}},"line":4},"1":{"name":"assertAllowedDownloadDir","decl":{"start":{"line":12,"column":7},"end":{"line":20,"column":1}},"loc":{"start":{"line":12,"column":7},"end":{"line":20,"column":1}},"line":12},"2":{"name":"resolveEffectiveDownloadDir","decl":{"start":{"line":22,"column":7},"end":{"line":40,"column":1}},"loc":{"start":{"line":22,"column":7},"end":{"line":40,"column":1}},"line":22}},"f":{"0":12,"1":5,"2":6}}
,"/Users/azakhar/Workspace/Personal/transmission-mcp-server/src/validators/removeTorrent.ts": {"path":"/Users/azakhar/Workspace/Personal/transmission-mcp-server/src/validators/removeTorrent.ts","all":false,"statementMap":{"0":{"start":{"line":1,"column":0},"end":{"line":1,"column":47}},"1":{"start":{"line":2,"column":0},"end":{"line":2,"column":27}},"2":{"start":{"line":3,"column":0},"end":{"line":3,"column":34}},"3":{"start":{"line":4,"column":0},"end":{"line":4,"column":9}},"4":{"start":{"line":5,"column":0},"end":{"line":5,"column":51}},"5":{"start":{"line":6,"column":0},"end":{"line":6,"column":20}},"6":{"start":{"line":7,"column":0},"end":{"line":7,"column":92}},"7":{"start":{"line":8,"column":0},"end":{"line":8,"column":6}},"8":{"start":{"line":9,"column":0},"end":{"line":9,"column":3}},"9":{"start":{"line":10,"column":0},"end":{"line":10,"column":1}}},"s":{"0":1,"1":6,"2":6,"3":6,"4":6,"5":2,"6":2,"7":2,"8":2,"9":6},"branchMap":{"0":{"type":"branch","line":1,"loc":{"start":{"line":1,"column":7},"end":{"line":10,"column":1}},"locations":[{"start":{"line":1,"column":7},"end":{"line":10,"column":1}}]},"1":{"type":"branch","line":5,"loc":{"start":{"line":5,"column":6},"end":{"line":5,"column":50}},"locations":[{"start":{"line":5,"column":6},"end":{"line":5,"column":50}}]},"2":{"type":"branch","line":5,"loc":{"start":{"line":5,"column":50},"end":{"line":9,"column":3}},"locations":[{"start":{"line":5,"column":50},"end":{"line":9,"column":3}}]}},"b":{"0":[6],"1":[4],"2":[2]},"fnMap":{"0":{"name":"assertDeleteLocalDataConfirmed","decl":{"start":{"line":1,"column":7},"end":{"line":10,"column":1}},"loc":{"start":{"line":1,"column":7},"end":{"line":10,"column":1}},"line":1}},"f":{"0":6}}
,"/Users/azakhar/Workspace/Personal/transmission-mcp-server/src/validators/torrentSource.ts": {"path":"/Users/azakhar/Workspace/Personal/transmission-mcp-server/src/validators/torrentSource.ts","all":false,"statementMap":{"0":{"start":{"line":1,"column":0},"end":{"line":1,"column":35}},"1":{"start":{"line":2,"column":0},"end":{"line":2,"column":38}},"3":{"start":{"line":4,"column":0},"end":{"line":4,"column":53}},"4":{"start":{"line":5,"column":0},"end":{"line":5,"column":24}},"5":{"start":{"line":6,"column":0},"end":{"line":6,"column":49}},"6":{"start":{"line":7,"column":0},"end":{"line":7,"column":1}},"9":{"start":{"line":10,"column":0},"end":{"line":10,"column":61}},"10":{"start":{"line":11,"column":0},"end":{"line":11,"column":37}},"11":{"start":{"line":12,"column":0},"end":{"line":12,"column":19}},"12":{"start":{"line":13,"column":0},"end":{"line":13,"column":14}},"13":{"start":{"line":14,"column":0},"end":{"line":14,"column":3}},"14":{"start":{"line":15,"column":0},"end":{"line":15,"column":41}},"15":{"start":{"line":16,"column":0},"end":{"line":16,"column":30}},"16":{"start":{"line":17,"column":0},"end":{"line":17,"column":40}},"17":{"start":{"line":18,"column":0},"end":{"line":18,"column":52}},"18":{"start":{"line":19,"column":0},"end":{"line":19,"column":43}},"19":{"start":{"line":20,"column":0},"end":{"line":20,"column":23}},"20":{"start":{"line":21,"column":0},"end":{"line":21,"column":15}},"21":{"start":{"line":22,"column":0},"end":{"line":22,"column":5}},"22":{"start":{"line":23,"column":0},"end":{"line":23,"column":47}},"23":{"start":{"line":24,"column":0},"end":{"line":24,"column":31}},"24":{"start":{"line":25,"column":0},"end":{"line":25,"column":49}},"25":{"start":{"line":26,"column":0},"end":{"line":26,"column":46}},"26":{"start":{"line":27,"column":0},"end":{"line":27,"column":5}},"27":{"start":{"line":28,"column":0},"end":{"line":28,"column":3}},"28":{"start":{"line":29,"column":0},"end":{"line":29,"column":16}},"29":{"start":{"line":30,"column":0},"end":{"line":30,"column":1}},"35":{"start":{"line":36,"column":0},"end":{"line":36,"column":66}},"36":{"start":{"line":37,"column":0},"end":{"line":37,"column":26}},"37":{"start":{"line":38,"column":0},"end":{"line":38,"column":23}},"38":{"start":{"line":39,"column":0},"end":{"line":39,"column":47}},"39":{"start":{"line":40,"column":0},"end":{"line":40,"column":3}},"41":{"start":{"line":42,"column":0},"end":{"line":42,"column":33}},"42":{"start":{"line":43,"column":0},"end":{"line":43,"column":40}},"43":{"start":{"line":44,"column":0},"end":{"line":44,"column":48}},"44":{"start":{"line":45,"column":0},"end":{"line":45,"column":14}},"45":{"start":{"line":46,"column":0},"end":{"line":46,"column":87}},"46":{"start":{"line":47,"column":0},"end":{"line":47,"column":5}},"47":{"start":{"line":48,"column":0},"end":{"line":48,"column":13}},"48":{"start":{"line":49,"column":0},"end":{"line":49,"column":3}},"50":{"start":{"line":51,"column":0},"end":{"line":51,"column":15}},"51":{"start":{"line":52,"column":0},"end":{"line":52,"column":7}},"52":{"start":{"line":53,"column":0},"end":{"line":53,"column":21}},"53":{"start":{"line":54,"column":0},"end":{"line":54,"column":11}},"54":{"start":{"line":55,"column":0},"end":{"line":55,"column":78}},"55":{"start":{"line":56,"column":0},"end":{"line":56,"column":3}},"57":{"start":{"line":58,"column":0},"end":{"line":58,"column":62}},"58":{"start":{"line":59,"column":0},"end":{"line":59,"column":63}},"59":{"start":{"line":60,"column":0},"end":{"line":60,"column":3}},"60":{"start":{"line":61,"column":0},"end":{"line":61,"column":34}},"61":{"start":{"line":62,"column":0},"end":{"line":62,"column":55}},"62":{"start":{"line":63,"column":0},"end":{"line":63,"column":3}},"64":{"start":{"line":65,"column":0},"end":{"line":65,"column":11}},"65":{"start":{"line":66,"column":0},"end":{"line":66,"column":1}}},"s":{"0":1,"1":1,"3":4,"4":4,"5":4,"6":4,"9":1,"10":6,"11":6,"12":0,"13":0,"14":6,"15":6,"16":6,"17":9,"18":9,"19":9,"20":3,"21":3,"22":6,"23":6,"24":6,"25":6,"26":6,"27":9,"28":6,"29":6,"35":1,"36":9,"37":9,"38":0,"39":0,"41":9,"42":5,"43":5,"44":5,"45":1,"46":1,"47":4,"48":4,"50":4,"51":4,"52":4,"53":9,"54":0,"55":0,"57":9,"58":2,"59":2,"60":9,"61":0,"62":0,"64":2,"65":2},"branchMap":{"0":{"type":"branch","line":4,"loc":{"start":{"line":4,"column":0},"end":{"line":7,"column":1}},"locations":[{"start":{"line":4,"column":0},"end":{"line":7,"column":1}}]},"1":{"type":"branch","line":6,"loc":{"start":{"line":6,"column":24},"end":{"line":6,"column":49}},"locations":[{"start":{"line":6,"column":24},"end":{"line":6,"column":49}}]},"2":{"type":"branch","line":10,"loc":{"start":{"line":10,"column":7},"end":{"line":30,"column":1}},"locations":[{"start":{"line":10,"column":7},"end":{"line":30,"column":1}}]},"3":{"type":"branch","line":12,"loc":{"start":{"line":12,"column":18},"end":{"line":14,"column":3}},"locations":[{"start":{"line":12,"column":18},"end":{"line":14,"column":3}}]},"4":{"type":"branch","line":17,"loc":{"start":{"line":17,"column":39},"end":{"line":28,"column":3}},"locations":[{"start":{"line":17,"column":39},"end":{"line":28,"column":3}}]},"5":{"type":"branch","line":20,"loc":{"start":{"line":20,"column":22},"end":{"line":22,"column":5}},"locations":[{"start":{"line":20,"column":22},"end":{"line":22,"column":5}}]},"6":{"type":"branch","line":22,"loc":{"start":{"line":22,"column":4},"end":{"line":27,"column":5}},"locations":[{"start":{"line":22,"column":4},"end":{"line":27,"column":5}}]},"7":{"type":"branch","line":36,"loc":{"start":{"line":36,"column":7},"end":{"line":66,"column":1}},"locations":[{"start":{"line":36,"column":7},"end":{"line":66,"column":1}}]},"8":{"type":"branch","line":38,"loc":{"start":{"line":38,"column":22},"end":{"line":40,"column":3}},"locations":[{"start":{"line":38,"column":22},"end":{"line":40,"column":3}}]},"9":{"type":"branch","line":42,"loc":{"start":{"line":42,"column":32},"end":{"line":54,"column":10}},"locations":[{"start":{"line":42,"column":32},"end":{"line":54,"column":10}}]},"10":{"type":"branch","line":42,"loc":{"start":{"line":42,"column":32},"end":{"line":49,"column":3}},"locations":[{"start":{"line":42,"column":32},"end":{"line":49,"column":3}}]},"11":{"type":"branch","line":45,"loc":{"start":{"line":45,"column":13},"end":{"line":47,"column":5}},"locations":[{"start":{"line":45,"column":13},"end":{"line":47,"column":5}}]},"12":{"type":"branch","line":47,"loc":{"start":{"line":47,"column":4},"end":{"line":49,"column":3}},"locations":[{"start":{"line":47,"column":4},"end":{"line":49,"column":3}}]},"13":{"type":"branch","line":49,"loc":{"start":{"line":49,"column":2},"end":{"line":54,"column":10}},"locations":[{"start":{"line":49,"column":2},"end":{"line":54,"column":10}}]},"14":{"type":"branch","line":54,"loc":{"start":{"line":54,"column":2},"end":{"line":56,"column":3}},"locations":[{"start":{"line":54,"column":2},"end":{"line":56,"column":3}}]},"15":{"type":"branch","line":56,"loc":{"start":{"line":56,"column":2},"end":{"line":58,"column":61}},"locations":[{"start":{"line":56,"column":2},"end":{"line":58,"column":61}}]},"16":{"type":"branch","line":58,"loc":{"start":{"line":58,"column":61},"end":{"line":61,"column":33}},"locations":[{"start":{"line":58,"column":61},"end":{"line":61,"column":33}}]},"17":{"type":"branch","line":61,"loc":{"start":{"line":61,"column":33},"end":{"line":63,"column":3}},"locations":[{"start":{"line":61,"column":33},"end":{"line":63,"column":3}}]},"18":{"type":"branch","line":63,"loc":{"start":{"line":63,"column":2},"end":{"line":66,"column":1}},"locations":[{"start":{"line":63,"column":2},"end":{"line":66,"column":1}}]}},"b":{"0":[4],"1":[1],"2":[6],"3":[0],"4":[9],"5":[3],"6":[6],"7":[9],"8":[0],"9":[7],"10":[5],"11":[1],"12":[4],"13":[4],"14":[0],"15":[4],"16":[2],"17":[0],"18":[2]},"fnMap":{"0":{"name":"hasValidBtihSegment","decl":{"start":{"line":4,"column":0},"end":{"line":7,"column":1}},"loc":{"start":{"line":4,"column":0},"end":{"line":7,"column":1}},"line":4},"1":{"name":"parseMagnetXtBtih","decl":{"start":{"line":10,"column":7},"end":{"line":30,"column":1}},"loc":{"start":{"line":10,"column":7},"end":{"line":30,"column":1}},"line":10},"2":{"name":"assertValidTorrentSource","decl":{"start":{"line":36,"column":7},"end":{"line":66,"column":1}},"loc":{"start":{"line":36,"column":7},"end":{"line":66,"column":1}},"line":36}},"f":{"0":4,"1":6,"2":9}}
}
